create schema eagerfree;
set search_path=eagerfree;
create table smallt (i int, t text, d date) distributed by (i);
insert into smallt select i%10, 'text ' || (i%15), '2011-01-01'::date + ((i%20) || ' days')::interval
from generate_series(0, 99) i;
create table bigt (i int, t text, d date) distributed by (i);
insert into bigt select i/10, 'text ' || (i/15), '2011-01-01'::date + ((i/20) || ' days')::interval
from generate_series(0, 999999) i;
create table smallt2 (i int, t text, d date) distributed by (i);
insert into smallt2 select i%5, 'text ' || (i%10), '2011-01-01'::date + ((i%15) || ' days')::interval
from generate_series(0, 49) i;
set optimizer_segments = 3;
set gp_motion_cost_per_row = 0.1;
-- HashAgg, Agg
select d, count(*) from smallt group by d;
     d      | count 
------------+-------
 01-17-2011 |     5
 01-15-2011 |     5
 01-18-2011 |     5
 01-13-2011 |     5
 01-08-2011 |     5
 01-07-2011 |     5
 01-11-2011 |     5
 01-01-2011 |     5
 01-05-2011 |     5
 01-09-2011 |     5
 01-04-2011 |     5
 01-03-2011 |     5
 01-02-2011 |     5
 01-10-2011 |     5
 01-16-2011 |     5
 01-06-2011 |     5
 01-14-2011 |     5
 01-20-2011 |     5
 01-19-2011 |     5
 01-12-2011 |     5
(20 rows)

explain analyze select d, count(*) from smallt group by d;
                                                                QUERY PLAN                                                                
------------------------------------------------------------------------------------------------------------------------------------------
 Gather Motion 3:1  (slice1; segments: 3)  (cost=3.92..5.39 rows=21 width=12) (actual time=1.474..1.494 rows=20 loops=1)
   ->  Finalize HashAggregate  (cost=3.92..3.99 rows=7 width=12) (actual time=1.077..1.085 rows=7 loops=1)
         Group Key: d
         Peak Memory Usage: 0 kB
         ->  Redistribute Motion 3:3  (slice2; segments: 3)  (cost=1.50..3.81 rows=21 width=12) (actual time=1.032..1.044 rows=7 loops=1)
               Hash Key: d
               ->  Partial HashAggregate  (cost=1.50..1.71 rows=21 width=12) (actual time=0.053..0.057 rows=10 loops=1)
                     Group Key: d
                     Peak Memory Usage: 0 kB
                     ->  Seq Scan on smallt  (cost=0.00..1.33 rows=33 width=4) (actual time=0.012..0.019 rows=50 loops=1)
 Planning Time: 0.256 ms
   (slice0)    Executor memory: 38K bytes.
   (slice1)    Executor memory: 17K bytes avg x 3 workers, 17K bytes max (seg1).  Work_mem: 24K bytes max.
   (slice2)    Executor memory: 19K bytes avg x 3 workers, 20K bytes max (seg0).  Work_mem: 24K bytes max.
 Memory used:  128000kB
 Optimizer: Postgres query optimizer
 Execution Time: 2.204 ms
(17 rows)

set statement_mem=2560;
select count(*) from (select i, t, d, count(*) from bigt group by i, t, d) tmp;
 count  
--------
 133333
(1 row)

explain analyze select count(*) from (select i, t, d, count(*) from bigt group by i, t, d) tmp;
                                                                        QUERY PLAN                                                                        
----------------------------------------------------------------------------------------------------------------------------------------------------------
 Finalize Aggregate  (cost=6771.17..6771.18 rows=1 width=8) (actual time=1111.387..1111.389 rows=1 loops=1)
   ->  Gather Motion 3:1  (slice1; segments: 3)  (cost=6770.96..6771.17 rows=3 width=8) (actual time=665.559..1111.357 rows=3 loops=1)
         ->  Partial Aggregate  (cost=6770.96..6770.97 rows=1 width=8) (actual time=1110.907..1110.907 rows=1 loops=1)
               ->  Subquery Scan on tmp  (cost=6011.89..6686.62 rows=33736 width=0) (actual time=488.216..657.855 rows=44538 loops=1)
                     ->  HashAggregate  (cost=6011.89..6349.25 rows=33736 width=26) (actual time=488.214..651.836 rows=44538 loops=1)
                           Group Key: bigt.i, bigt.t, bigt.d
                           Planned Partitions: 4
                           Peak Memory Usage: 0 kB
                           ->  Gather  (cost=0.00..3511.89 rows=333333 width=18) (actual time=0.364..516.432 rows=334620 loops=1)
                                 Workers Planned: 2
                                 Workers Launched: 0
                                 ->  Parallel Seq Scan on bigt  (cost=0.00..3511.89 rows=138889 width=18) (actual time=0.026..34.486 rows=111540 loops=3)
 Planning Time: 0.555 ms
   (slice0)    Executor memory: 810K bytes.
   (slice1)    Executor memory: 1721K bytes avg x 3 workers, 1721K bytes max (seg1).  Work_mem: 2865K bytes max.
 Memory used:  2560kB
 Optimizer: Postgres query optimizer
 Execution Time: 1114.480 ms
(18 rows)

set statement_mem=128000;
-- DQA
set gp_enable_agg_distinct=off;
set gp_enable_multiphase_agg=off;
select count(distinct d) from smallt;
 count 
-------
    20
(1 row)

explain analyze select count(distinct d) from smallt;
                                                           QUERY PLAN                                                           
--------------------------------------------------------------------------------------------------------------------------------
 Aggregate  (cost=8.25..8.26 rows=1 width=8) (actual time=0.387..0.388 rows=1 loops=1)
   ->  Gather Motion 3:1  (slice1; segments: 3)  (cost=0.00..8.00 rows=100 width=4) (actual time=0.135..0.266 rows=100 loops=1)
         ->  Seq Scan on smallt  (cost=0.00..1.33 rows=33 width=4) (actual time=0.006..0.017 rows=50 loops=1)
 Planning Time: 0.117 ms
   (slice0)    Executor memory: 26K bytes.
   (slice1)    Executor memory: 8K bytes avg x 3 workers, 8K bytes max (seg0).
 Memory used:  128000kB
 Optimizer: Postgres query optimizer
 Execution Time: 0.784 ms
(9 rows)

set statement_mem=2560;
select count(distinct d) from bigt;
 count 
-------
 50000
(1 row)

explain analyze select count(distinct d) from bigt;
                                                                  QUERY PLAN                                                                  
----------------------------------------------------------------------------------------------------------------------------------------------
 Aggregate  (cost=72678.56..72678.57 rows=1 width=8) (actual time=915.919..915.920 rows=1 loops=1)
   ->  Gather Motion 3:1  (slice1; segments: 3)  (cost=0.00..70178.56 rows=1000000 width=4) (actual time=2.298..274.581 rows=1000000 loops=1)
         ->  Gather  (cost=0.00..3511.89 rows=333333 width=4) (actual time=0.568..138.257 rows=334620 loops=1)
               Workers Planned: 2
               Workers Launched: 0
               ->  Parallel Seq Scan on bigt  (cost=0.00..3511.89 rows=138889 width=4) (actual time=0.013..46.857 rows=111540 loops=3)
 Planning Time: 0.139 ms
   (slice0)    Executor memory: 2344K bytes.
   (slice1)    Executor memory: 59K bytes avg x 3 workers, 59K bytes max (seg0).
 Memory used:  2560kB
 Optimizer: Postgres query optimizer
 Execution Time: 916.343 ms
(12 rows)

set statement_mem=128000;
set gp_enable_agg_distinct=on;
set gp_enable_multiphase_agg=on;
-- Rescan on Agg (with Material in the inner side of nestloop)
-- start_ignore
-- Known_opt_diff: This test is only here for the planner. It doesn't exercise eagerfree in ORCA plans
-- end_ignore
set enable_nestloop=on;
set enable_hashjoin=off;
select t1.*, t2.* from
(select d, count(*) from smallt group by d) as t1, (select d, sum(i) from smallt group by d) as t2
where t1.d = t2.d;
     d      | count |     d      | sum 
------------+-------+------------+-----
 01-11-2011 |     5 | 01-11-2011 |   0
 01-01-2011 |     5 | 01-01-2011 |   0
 01-05-2011 |     5 | 01-05-2011 |  20
 01-09-2011 |     5 | 01-09-2011 |  40
 01-04-2011 |     5 | 01-04-2011 |  15
 01-02-2011 |     5 | 01-02-2011 |   5
 01-03-2011 |     5 | 01-03-2011 |  10
 01-17-2011 |     5 | 01-17-2011 |  30
 01-15-2011 |     5 | 01-15-2011 |  20
 01-18-2011 |     5 | 01-18-2011 |  35
 01-13-2011 |     5 | 01-13-2011 |  10
 01-07-2011 |     5 | 01-07-2011 |  30
 01-08-2011 |     5 | 01-08-2011 |  35
 01-10-2011 |     5 | 01-10-2011 |  45
 01-16-2011 |     5 | 01-16-2011 |  25
 01-06-2011 |     5 | 01-06-2011 |  25
 01-20-2011 |     5 | 01-20-2011 |  45
 01-14-2011 |     5 | 01-14-2011 |  15
 01-12-2011 |     5 | 01-12-2011 |   5
 01-19-2011 |     5 | 01-19-2011 |  40
(20 rows)

explain analyze select t1.*, t2.* from
(select d, count(*) from smallt group by d) as t1, (select d, sum(i) from smallt group by d) as t2
where t1.d = t2.d;
                                                                      QUERY PLAN                                                                      
------------------------------------------------------------------------------------------------------------------------------------------------------
 Gather Motion 3:1  (slice1; segments: 3)  (cost=7.83..10.26 rows=21 width=24) (actual time=2.033..2.060 rows=20 loops=1)
   ->  Nested Loop  (cost=7.83..8.86 rows=7 width=24) (actual time=1.717..1.733 rows=7 loops=1)
         Join Filter: (smallt.d = smallt_1.d)
         Rows Removed by Join Filter: 21
         ->  Finalize HashAggregate  (cost=3.92..3.99 rows=7 width=12) (actual time=0.018..0.029 rows=7 loops=1)
               Group Key: smallt.d
               Peak Memory Usage: 0 kB
               ->  Redistribute Motion 3:3  (slice2; segments: 3)  (cost=1.50..3.81 rows=21 width=12) (actual time=0.004..0.008 rows=7 loops=1)
                     Hash Key: smallt.d
                     ->  Partial HashAggregate  (cost=1.50..1.71 rows=21 width=12) (actual time=0.135..0.146 rows=10 loops=1)
                           Group Key: smallt.d
                           Peak Memory Usage: 0 kB
                           ->  Seq Scan on smallt  (cost=0.00..1.33 rows=33 width=4) (actual time=0.024..0.043 rows=50 loops=1)
         ->  Materialize  (cost=3.92..4.09 rows=7 width=12) (actual time=0.212..0.212 rows=4 loops=8)
               ->  Finalize HashAggregate  (cost=3.92..3.99 rows=7 width=12) (actual time=1.688..1.691 rows=7 loops=1)
                     Group Key: smallt_1.d
                     Peak Memory Usage: 0 kB
                     ->  Redistribute Motion 3:3  (slice3; segments: 3)  (cost=1.50..3.81 rows=21 width=12) (actual time=1.143..1.672 rows=7 loops=1)
                           Hash Key: smallt_1.d
                           ->  Partial HashAggregate  (cost=1.50..1.71 rows=21 width=12) (actual time=0.133..0.145 rows=10 loops=1)
                                 Group Key: smallt_1.d
                                 Peak Memory Usage: 0 kB
                                 ->  Seq Scan on smallt smallt_1  (cost=0.00..1.33 rows=33 width=8) (actual time=0.023..0.043 rows=50 loops=1)
 Planning Time: 0.793 ms
   (slice0)    Executor memory: 74K bytes.
   (slice1)    Executor memory: 52K bytes avg x 3 workers, 52K bytes max (seg1).  Work_mem: 24K bytes max.
   (slice2)    Executor memory: 20K bytes avg x 3 workers, 20K bytes max (seg0).  Work_mem: 24K bytes max.
   (slice3)    Executor memory: 20K bytes avg x 3 workers, 20K bytes max (seg0).  Work_mem: 24K bytes max.
 Memory used:  128000kB
 Optimizer: Postgres query optimizer
 Execution Time: 3.235 ms
(31 rows)

set enable_nestloop=off;
set enable_hashjoin=on;
-- Rescan on Agg (with Material in the inner side of nestloop)
-- start_ignore
-- Known_opt_diff: This test is only here for the planner. It doesn't exercise eagerfree in ORCA plans
-- end_ignore
set enable_nestloop=on;
set enable_hashjoin=off;
select t1.*, t2.* from
(select i, count(*) from smallt group by i) as t1, (select i, sum(i) from smallt group by i) as t2
where t1.i = t2.i;
 i | count | i | sum 
---+-------+---+-----
 4 |    10 | 4 |  40
 2 |    10 | 2 |  20
 8 |    10 | 8 |  80
 7 |    10 | 7 |  70
 3 |    10 | 3 |  30
 0 |    10 | 0 |   0
 1 |    10 | 1 |  10
 9 |    10 | 9 |  90
 6 |    10 | 6 |  60
 5 |    10 | 5 |  50
(10 rows)

explain analyze select t1.*, t2.* from
(select i, count(*) from smallt group by i) as t1, (select i, sum(i) from smallt group by i) as t2
where t1.i = t2.i;
                                                            QUERY PLAN                                                             
-----------------------------------------------------------------------------------------------------------------------------------
 Gather Motion 3:1  (slice1; segments: 3)  (cost=3.00..3.98 rows=10 width=24) (actual time=0.301..0.671 rows=10 loops=1)
   ->  Nested Loop  (cost=3.00..3.31 rows=3 width=24) (actual time=0.241..0.275 rows=5 loops=1)
         Join Filter: (smallt.i = smallt_1.i)
         Rows Removed by Join Filter: 10
         ->  HashAggregate  (cost=1.50..1.53 rows=3 width=12) (actual time=0.128..0.134 rows=5 loops=1)
               Group Key: smallt.i
               Peak Memory Usage: 0 kB
               ->  Seq Scan on smallt  (cost=0.00..1.33 rows=33 width=4) (actual time=0.017..0.037 rows=50 loops=1)
         ->  Materialize  (cost=1.50..1.58 rows=3 width=12) (actual time=0.021..0.024 rows=3 loops=5)
               ->  HashAggregate  (cost=1.50..1.53 rows=3 width=12) (actual time=0.099..0.103 rows=5 loops=1)
                     Group Key: smallt_1.i
                     Peak Memory Usage: 0 kB
                     ->  Seq Scan on smallt smallt_1  (cost=0.00..1.33 rows=33 width=4) (actual time=0.007..0.025 rows=50 loops=1)
 Planning Time: 0.491 ms
   (slice0)    Executor memory: 45K bytes.
   (slice1)    Executor memory: 51K bytes avg x 3 workers, 52K bytes max (seg0).  Work_mem: 24K bytes max.
 Memory used:  128000kB
 Optimizer: Postgres query optimizer
 Execution Time: 1.355 ms
(19 rows)

set enable_nestloop=off;
set enable_hashjoin=on;
-- Limit on Agg
select d, count(*) from smallt group by d limit 5; --ignore
     d      | count 
------------+-------
 01-01-2011 |     5
 01-02-2011 |     5
 01-03-2011 |     5
 01-04-2011 |     5
 01-05-2011 |     5
(5 rows)

explain analyze select d, count(*) from smallt group by d limit 5;
                                                             QUERY PLAN                                                             
------------------------------------------------------------------------------------------------------------------------------------
 Limit  (cost=2.18..3.41 rows=5 width=12) (actual time=0.475..0.486 rows=5 loops=1)
   ->  Finalize GroupAggregate  (cost=2.18..7.36 rows=21 width=12) (actual time=0.474..0.482 rows=5 loops=1)
         Group Key: d
         ->  Gather Motion 3:1  (slice1; segments: 3)  (cost=2.18..6.84 rows=63 width=12) (actual time=0.465..0.468 rows=6 loops=1)
               Merge Key: d
               ->  Partial GroupAggregate  (cost=2.18..2.64 rows=21 width=12) (actual time=0.130..0.187 rows=10 loops=1)
                     Group Key: d
                     ->  Sort  (cost=2.18..2.26 rows=33 width=4) (actual time=0.114..0.130 rows=50 loops=1)
                           Sort Key: d
                           Sort Method:  quicksort  Memory: 156kB
                           ->  Seq Scan on smallt  (cost=0.00..1.33 rows=33 width=4) (actual time=0.017..0.048 rows=50 loops=1)
 Planning Time: 0.252 ms
   (slice0)    Executor memory: 36K bytes.
   (slice1)    Executor memory: 27K bytes avg x 3 workers, 27K bytes max (seg0).  Work_mem: 27K bytes max.
 Memory used:  128000kB
 Optimizer: Postgres query optimizer
 Execution Time: 0.991 ms
(17 rows)

-- HashJoin
select t1.* from smallt as t1, smallt as t2 where t1.i = t2.i order by 1,2,3;
 i |    t    |     d      
---+---------+------------
 0 | text 0  | 01-01-2011
 0 | text 0  | 01-01-2011
 0 | text 0  | 01-01-2011
 0 | text 0  | 01-01-2011
 0 | text 0  | 01-01-2011
 0 | text 0  | 01-01-2011
 0 | text 0  | 01-01-2011
 0 | text 0  | 01-01-2011
 0 | text 0  | 01-01-2011
 0 | text 0  | 01-01-2011
 0 | text 0  | 01-01-2011
 0 | text 0  | 01-01-2011
 0 | text 0  | 01-01-2011
 0 | text 0  | 01-01-2011
 0 | text 0  | 01-01-2011
 0 | text 0  | 01-01-2011
 0 | text 0  | 01-01-2011
 0 | text 0  | 01-01-2011
 0 | text 0  | 01-01-2011
 0 | text 0  | 01-01-2011
 0 | text 0  | 01-11-2011
 0 | text 0  | 01-11-2011
 0 | text 0  | 01-11-2011
 0 | text 0  | 01-11-2011
 0 | text 0  | 01-11-2011
 0 | text 0  | 01-11-2011
 0 | text 0  | 01-11-2011
 0 | text 0  | 01-11-2011
 0 | text 0  | 01-11-2011
 0 | text 0  | 01-11-2011
 0 | text 0  | 01-11-2011
 0 | text 0  | 01-11-2011
 0 | text 0  | 01-11-2011
 0 | text 0  | 01-11-2011
 0 | text 0  | 01-11-2011
 0 | text 0  | 01-11-2011
 0 | text 0  | 01-11-2011
 0 | text 0  | 01-11-2011
 0 | text 0  | 01-11-2011
 0 | text 0  | 01-11-2011
 0 | text 10 | 01-01-2011
 0 | text 10 | 01-01-2011
 0 | text 10 | 01-01-2011
 0 | text 10 | 01-01-2011
 0 | text 10 | 01-01-2011
 0 | text 10 | 01-01-2011
 0 | text 10 | 01-01-2011
 0 | text 10 | 01-01-2011
 0 | text 10 | 01-01-2011
 0 | text 10 | 01-01-2011
 0 | text 10 | 01-11-2011
 0 | text 10 | 01-11-2011
 0 | text 10 | 01-11-2011
 0 | text 10 | 01-11-2011
 0 | text 10 | 01-11-2011
 0 | text 10 | 01-11-2011
 0 | text 10 | 01-11-2011
 0 | text 10 | 01-11-2011
 0 | text 10 | 01-11-2011
 0 | text 10 | 01-11-2011
 0 | text 10 | 01-11-2011
 0 | text 10 | 01-11-2011
 0 | text 10 | 01-11-2011
 0 | text 10 | 01-11-2011
 0 | text 10 | 01-11-2011
 0 | text 10 | 01-11-2011
 0 | text 10 | 01-11-2011
 0 | text 10 | 01-11-2011
 0 | text 10 | 01-11-2011
 0 | text 10 | 01-11-2011
 0 | text 5  | 01-01-2011
 0 | text 5  | 01-01-2011
 0 | text 5  | 01-01-2011
 0 | text 5  | 01-01-2011
 0 | text 5  | 01-01-2011
 0 | text 5  | 01-01-2011
 0 | text 5  | 01-01-2011
 0 | text 5  | 01-01-2011
 0 | text 5  | 01-01-2011
 0 | text 5  | 01-01-2011
 0 | text 5  | 01-01-2011
 0 | text 5  | 01-01-2011
 0 | text 5  | 01-01-2011
 0 | text 5  | 01-01-2011
 0 | text 5  | 01-01-2011
 0 | text 5  | 01-01-2011
 0 | text 5  | 01-01-2011
 0 | text 5  | 01-01-2011
 0 | text 5  | 01-01-2011
 0 | text 5  | 01-01-2011
 0 | text 5  | 01-11-2011
 0 | text 5  | 01-11-2011
 0 | text 5  | 01-11-2011
 0 | text 5  | 01-11-2011
 0 | text 5  | 01-11-2011
 0 | text 5  | 01-11-2011
 0 | text 5  | 01-11-2011
 0 | text 5  | 01-11-2011
 0 | text 5  | 01-11-2011
 0 | text 5  | 01-11-2011
 1 | text 1  | 01-02-2011
 1 | text 1  | 01-02-2011
 1 | text 1  | 01-02-2011
 1 | text 1  | 01-02-2011
 1 | text 1  | 01-02-2011
 1 | text 1  | 01-02-2011
 1 | text 1  | 01-02-2011
 1 | text 1  | 01-02-2011
 1 | text 1  | 01-02-2011
 1 | text 1  | 01-02-2011
 1 | text 1  | 01-02-2011
 1 | text 1  | 01-02-2011
 1 | text 1  | 01-02-2011
 1 | text 1  | 01-02-2011
 1 | text 1  | 01-02-2011
 1 | text 1  | 01-02-2011
 1 | text 1  | 01-02-2011
 1 | text 1  | 01-02-2011
 1 | text 1  | 01-02-2011
 1 | text 1  | 01-02-2011
 1 | text 1  | 01-12-2011
 1 | text 1  | 01-12-2011
 1 | text 1  | 01-12-2011
 1 | text 1  | 01-12-2011
 1 | text 1  | 01-12-2011
 1 | text 1  | 01-12-2011
 1 | text 1  | 01-12-2011
 1 | text 1  | 01-12-2011
 1 | text 1  | 01-12-2011
 1 | text 1  | 01-12-2011
 1 | text 1  | 01-12-2011
 1 | text 1  | 01-12-2011
 1 | text 1  | 01-12-2011
 1 | text 1  | 01-12-2011
 1 | text 1  | 01-12-2011
 1 | text 1  | 01-12-2011
 1 | text 1  | 01-12-2011
 1 | text 1  | 01-12-2011
 1 | text 1  | 01-12-2011
 1 | text 1  | 01-12-2011
 1 | text 11 | 01-02-2011
 1 | text 11 | 01-02-2011
 1 | text 11 | 01-02-2011
 1 | text 11 | 01-02-2011
 1 | text 11 | 01-02-2011
 1 | text 11 | 01-02-2011
 1 | text 11 | 01-02-2011
 1 | text 11 | 01-02-2011
 1 | text 11 | 01-02-2011
 1 | text 11 | 01-02-2011
 1 | text 11 | 01-12-2011
 1 | text 11 | 01-12-2011
 1 | text 11 | 01-12-2011
 1 | text 11 | 01-12-2011
 1 | text 11 | 01-12-2011
 1 | text 11 | 01-12-2011
 1 | text 11 | 01-12-2011
 1 | text 11 | 01-12-2011
 1 | text 11 | 01-12-2011
 1 | text 11 | 01-12-2011
 1 | text 11 | 01-12-2011
 1 | text 11 | 01-12-2011
 1 | text 11 | 01-12-2011
 1 | text 11 | 01-12-2011
 1 | text 11 | 01-12-2011
 1 | text 11 | 01-12-2011
 1 | text 11 | 01-12-2011
 1 | text 11 | 01-12-2011
 1 | text 11 | 01-12-2011
 1 | text 11 | 01-12-2011
 1 | text 6  | 01-02-2011
 1 | text 6  | 01-02-2011
 1 | text 6  | 01-02-2011
 1 | text 6  | 01-02-2011
 1 | text 6  | 01-02-2011
 1 | text 6  | 01-02-2011
 1 | text 6  | 01-02-2011
 1 | text 6  | 01-02-2011
 1 | text 6  | 01-02-2011
 1 | text 6  | 01-02-2011
 1 | text 6  | 01-02-2011
 1 | text 6  | 01-02-2011
 1 | text 6  | 01-02-2011
 1 | text 6  | 01-02-2011
 1 | text 6  | 01-02-2011
 1 | text 6  | 01-02-2011
 1 | text 6  | 01-02-2011
 1 | text 6  | 01-02-2011
 1 | text 6  | 01-02-2011
 1 | text 6  | 01-02-2011
 1 | text 6  | 01-12-2011
 1 | text 6  | 01-12-2011
 1 | text 6  | 01-12-2011
 1 | text 6  | 01-12-2011
 1 | text 6  | 01-12-2011
 1 | text 6  | 01-12-2011
 1 | text 6  | 01-12-2011
 1 | text 6  | 01-12-2011
 1 | text 6  | 01-12-2011
 1 | text 6  | 01-12-2011
 2 | text 12 | 01-03-2011
 2 | text 12 | 01-03-2011
 2 | text 12 | 01-03-2011
 2 | text 12 | 01-03-2011
 2 | text 12 | 01-03-2011
 2 | text 12 | 01-03-2011
 2 | text 12 | 01-03-2011
 2 | text 12 | 01-03-2011
 2 | text 12 | 01-03-2011
 2 | text 12 | 01-03-2011
 2 | text 12 | 01-13-2011
 2 | text 12 | 01-13-2011
 2 | text 12 | 01-13-2011
 2 | text 12 | 01-13-2011
 2 | text 12 | 01-13-2011
 2 | text 12 | 01-13-2011
 2 | text 12 | 01-13-2011
 2 | text 12 | 01-13-2011
 2 | text 12 | 01-13-2011
 2 | text 12 | 01-13-2011
 2 | text 12 | 01-13-2011
 2 | text 12 | 01-13-2011
 2 | text 12 | 01-13-2011
 2 | text 12 | 01-13-2011
 2 | text 12 | 01-13-2011
 2 | text 12 | 01-13-2011
 2 | text 12 | 01-13-2011
 2 | text 12 | 01-13-2011
 2 | text 12 | 01-13-2011
 2 | text 12 | 01-13-2011
 2 | text 2  | 01-03-2011
 2 | text 2  | 01-03-2011
 2 | text 2  | 01-03-2011
 2 | text 2  | 01-03-2011
 2 | text 2  | 01-03-2011
 2 | text 2  | 01-03-2011
 2 | text 2  | 01-03-2011
 2 | text 2  | 01-03-2011
 2 | text 2  | 01-03-2011
 2 | text 2  | 01-03-2011
 2 | text 2  | 01-03-2011
 2 | text 2  | 01-03-2011
 2 | text 2  | 01-03-2011
 2 | text 2  | 01-03-2011
 2 | text 2  | 01-03-2011
 2 | text 2  | 01-03-2011
 2 | text 2  | 01-03-2011
 2 | text 2  | 01-03-2011
 2 | text 2  | 01-03-2011
 2 | text 2  | 01-03-2011
 2 | text 2  | 01-13-2011
 2 | text 2  | 01-13-2011
 2 | text 2  | 01-13-2011
 2 | text 2  | 01-13-2011
 2 | text 2  | 01-13-2011
 2 | text 2  | 01-13-2011
 2 | text 2  | 01-13-2011
 2 | text 2  | 01-13-2011
 2 | text 2  | 01-13-2011
 2 | text 2  | 01-13-2011
 2 | text 2  | 01-13-2011
 2 | text 2  | 01-13-2011
 2 | text 2  | 01-13-2011
 2 | text 2  | 01-13-2011
 2 | text 2  | 01-13-2011
 2 | text 2  | 01-13-2011
 2 | text 2  | 01-13-2011
 2 | text 2  | 01-13-2011
 2 | text 2  | 01-13-2011
 2 | text 2  | 01-13-2011
 2 | text 7  | 01-03-2011
 2 | text 7  | 01-03-2011
 2 | text 7  | 01-03-2011
 2 | text 7  | 01-03-2011
 2 | text 7  | 01-03-2011
 2 | text 7  | 01-03-2011
 2 | text 7  | 01-03-2011
 2 | text 7  | 01-03-2011
 2 | text 7  | 01-03-2011
 2 | text 7  | 01-03-2011
 2 | text 7  | 01-03-2011
 2 | text 7  | 01-03-2011
 2 | text 7  | 01-03-2011
 2 | text 7  | 01-03-2011
 2 | text 7  | 01-03-2011
 2 | text 7  | 01-03-2011
 2 | text 7  | 01-03-2011
 2 | text 7  | 01-03-2011
 2 | text 7  | 01-03-2011
 2 | text 7  | 01-03-2011
 2 | text 7  | 01-13-2011
 2 | text 7  | 01-13-2011
 2 | text 7  | 01-13-2011
 2 | text 7  | 01-13-2011
 2 | text 7  | 01-13-2011
 2 | text 7  | 01-13-2011
 2 | text 7  | 01-13-2011
 2 | text 7  | 01-13-2011
 2 | text 7  | 01-13-2011
 2 | text 7  | 01-13-2011
 3 | text 13 | 01-04-2011
 3 | text 13 | 01-04-2011
 3 | text 13 | 01-04-2011
 3 | text 13 | 01-04-2011
 3 | text 13 | 01-04-2011
 3 | text 13 | 01-04-2011
 3 | text 13 | 01-04-2011
 3 | text 13 | 01-04-2011
 3 | text 13 | 01-04-2011
 3 | text 13 | 01-04-2011
 3 | text 13 | 01-14-2011
 3 | text 13 | 01-14-2011
 3 | text 13 | 01-14-2011
 3 | text 13 | 01-14-2011
 3 | text 13 | 01-14-2011
 3 | text 13 | 01-14-2011
 3 | text 13 | 01-14-2011
 3 | text 13 | 01-14-2011
 3 | text 13 | 01-14-2011
 3 | text 13 | 01-14-2011
 3 | text 13 | 01-14-2011
 3 | text 13 | 01-14-2011
 3 | text 13 | 01-14-2011
 3 | text 13 | 01-14-2011
 3 | text 13 | 01-14-2011
 3 | text 13 | 01-14-2011
 3 | text 13 | 01-14-2011
 3 | text 13 | 01-14-2011
 3 | text 13 | 01-14-2011
 3 | text 13 | 01-14-2011
 3 | text 3  | 01-04-2011
 3 | text 3  | 01-04-2011
 3 | text 3  | 01-04-2011
 3 | text 3  | 01-04-2011
 3 | text 3  | 01-04-2011
 3 | text 3  | 01-04-2011
 3 | text 3  | 01-04-2011
 3 | text 3  | 01-04-2011
 3 | text 3  | 01-04-2011
 3 | text 3  | 01-04-2011
 3 | text 3  | 01-04-2011
 3 | text 3  | 01-04-2011
 3 | text 3  | 01-04-2011
 3 | text 3  | 01-04-2011
 3 | text 3  | 01-04-2011
 3 | text 3  | 01-04-2011
 3 | text 3  | 01-04-2011
 3 | text 3  | 01-04-2011
 3 | text 3  | 01-04-2011
 3 | text 3  | 01-04-2011
 3 | text 3  | 01-14-2011
 3 | text 3  | 01-14-2011
 3 | text 3  | 01-14-2011
 3 | text 3  | 01-14-2011
 3 | text 3  | 01-14-2011
 3 | text 3  | 01-14-2011
 3 | text 3  | 01-14-2011
 3 | text 3  | 01-14-2011
 3 | text 3  | 01-14-2011
 3 | text 3  | 01-14-2011
 3 | text 3  | 01-14-2011
 3 | text 3  | 01-14-2011
 3 | text 3  | 01-14-2011
 3 | text 3  | 01-14-2011
 3 | text 3  | 01-14-2011
 3 | text 3  | 01-14-2011
 3 | text 3  | 01-14-2011
 3 | text 3  | 01-14-2011
 3 | text 3  | 01-14-2011
 3 | text 3  | 01-14-2011
 3 | text 8  | 01-04-2011
 3 | text 8  | 01-04-2011
 3 | text 8  | 01-04-2011
 3 | text 8  | 01-04-2011
 3 | text 8  | 01-04-2011
 3 | text 8  | 01-04-2011
 3 | text 8  | 01-04-2011
 3 | text 8  | 01-04-2011
 3 | text 8  | 01-04-2011
 3 | text 8  | 01-04-2011
 3 | text 8  | 01-04-2011
 3 | text 8  | 01-04-2011
 3 | text 8  | 01-04-2011
 3 | text 8  | 01-04-2011
 3 | text 8  | 01-04-2011
 3 | text 8  | 01-04-2011
 3 | text 8  | 01-04-2011
 3 | text 8  | 01-04-2011
 3 | text 8  | 01-04-2011
 3 | text 8  | 01-04-2011
 3 | text 8  | 01-14-2011
 3 | text 8  | 01-14-2011
 3 | text 8  | 01-14-2011
 3 | text 8  | 01-14-2011
 3 | text 8  | 01-14-2011
 3 | text 8  | 01-14-2011
 3 | text 8  | 01-14-2011
 3 | text 8  | 01-14-2011
 3 | text 8  | 01-14-2011
 3 | text 8  | 01-14-2011
 4 | text 14 | 01-05-2011
 4 | text 14 | 01-05-2011
 4 | text 14 | 01-05-2011
 4 | text 14 | 01-05-2011
 4 | text 14 | 01-05-2011
 4 | text 14 | 01-05-2011
 4 | text 14 | 01-05-2011
 4 | text 14 | 01-05-2011
 4 | text 14 | 01-05-2011
 4 | text 14 | 01-05-2011
 4 | text 14 | 01-15-2011
 4 | text 14 | 01-15-2011
 4 | text 14 | 01-15-2011
 4 | text 14 | 01-15-2011
 4 | text 14 | 01-15-2011
 4 | text 14 | 01-15-2011
 4 | text 14 | 01-15-2011
 4 | text 14 | 01-15-2011
 4 | text 14 | 01-15-2011
 4 | text 14 | 01-15-2011
 4 | text 14 | 01-15-2011
 4 | text 14 | 01-15-2011
 4 | text 14 | 01-15-2011
 4 | text 14 | 01-15-2011
 4 | text 14 | 01-15-2011
 4 | text 14 | 01-15-2011
 4 | text 14 | 01-15-2011
 4 | text 14 | 01-15-2011
 4 | text 14 | 01-15-2011
 4 | text 14 | 01-15-2011
 4 | text 4  | 01-05-2011
 4 | text 4  | 01-05-2011
 4 | text 4  | 01-05-2011
 4 | text 4  | 01-05-2011
 4 | text 4  | 01-05-2011
 4 | text 4  | 01-05-2011
 4 | text 4  | 01-05-2011
 4 | text 4  | 01-05-2011
 4 | text 4  | 01-05-2011
 4 | text 4  | 01-05-2011
 4 | text 4  | 01-05-2011
 4 | text 4  | 01-05-2011
 4 | text 4  | 01-05-2011
 4 | text 4  | 01-05-2011
 4 | text 4  | 01-05-2011
 4 | text 4  | 01-05-2011
 4 | text 4  | 01-05-2011
 4 | text 4  | 01-05-2011
 4 | text 4  | 01-05-2011
 4 | text 4  | 01-05-2011
 4 | text 4  | 01-15-2011
 4 | text 4  | 01-15-2011
 4 | text 4  | 01-15-2011
 4 | text 4  | 01-15-2011
 4 | text 4  | 01-15-2011
 4 | text 4  | 01-15-2011
 4 | text 4  | 01-15-2011
 4 | text 4  | 01-15-2011
 4 | text 4  | 01-15-2011
 4 | text 4  | 01-15-2011
 4 | text 4  | 01-15-2011
 4 | text 4  | 01-15-2011
 4 | text 4  | 01-15-2011
 4 | text 4  | 01-15-2011
 4 | text 4  | 01-15-2011
 4 | text 4  | 01-15-2011
 4 | text 4  | 01-15-2011
 4 | text 4  | 01-15-2011
 4 | text 4  | 01-15-2011
 4 | text 4  | 01-15-2011
 4 | text 9  | 01-05-2011
 4 | text 9  | 01-05-2011
 4 | text 9  | 01-05-2011
 4 | text 9  | 01-05-2011
 4 | text 9  | 01-05-2011
 4 | text 9  | 01-05-2011
 4 | text 9  | 01-05-2011
 4 | text 9  | 01-05-2011
 4 | text 9  | 01-05-2011
 4 | text 9  | 01-05-2011
 4 | text 9  | 01-05-2011
 4 | text 9  | 01-05-2011
 4 | text 9  | 01-05-2011
 4 | text 9  | 01-05-2011
 4 | text 9  | 01-05-2011
 4 | text 9  | 01-05-2011
 4 | text 9  | 01-05-2011
 4 | text 9  | 01-05-2011
 4 | text 9  | 01-05-2011
 4 | text 9  | 01-05-2011
 4 | text 9  | 01-15-2011
 4 | text 9  | 01-15-2011
 4 | text 9  | 01-15-2011
 4 | text 9  | 01-15-2011
 4 | text 9  | 01-15-2011
 4 | text 9  | 01-15-2011
 4 | text 9  | 01-15-2011
 4 | text 9  | 01-15-2011
 4 | text 9  | 01-15-2011
 4 | text 9  | 01-15-2011
 5 | text 0  | 01-06-2011
 5 | text 0  | 01-06-2011
 5 | text 0  | 01-06-2011
 5 | text 0  | 01-06-2011
 5 | text 0  | 01-06-2011
 5 | text 0  | 01-06-2011
 5 | text 0  | 01-06-2011
 5 | text 0  | 01-06-2011
 5 | text 0  | 01-06-2011
 5 | text 0  | 01-06-2011
 5 | text 0  | 01-16-2011
 5 | text 0  | 01-16-2011
 5 | text 0  | 01-16-2011
 5 | text 0  | 01-16-2011
 5 | text 0  | 01-16-2011
 5 | text 0  | 01-16-2011
 5 | text 0  | 01-16-2011
 5 | text 0  | 01-16-2011
 5 | text 0  | 01-16-2011
 5 | text 0  | 01-16-2011
 5 | text 0  | 01-16-2011
 5 | text 0  | 01-16-2011
 5 | text 0  | 01-16-2011
 5 | text 0  | 01-16-2011
 5 | text 0  | 01-16-2011
 5 | text 0  | 01-16-2011
 5 | text 0  | 01-16-2011
 5 | text 0  | 01-16-2011
 5 | text 0  | 01-16-2011
 5 | text 0  | 01-16-2011
 5 | text 10 | 01-06-2011
 5 | text 10 | 01-06-2011
 5 | text 10 | 01-06-2011
 5 | text 10 | 01-06-2011
 5 | text 10 | 01-06-2011
 5 | text 10 | 01-06-2011
 5 | text 10 | 01-06-2011
 5 | text 10 | 01-06-2011
 5 | text 10 | 01-06-2011
 5 | text 10 | 01-06-2011
 5 | text 10 | 01-06-2011
 5 | text 10 | 01-06-2011
 5 | text 10 | 01-06-2011
 5 | text 10 | 01-06-2011
 5 | text 10 | 01-06-2011
 5 | text 10 | 01-06-2011
 5 | text 10 | 01-06-2011
 5 | text 10 | 01-06-2011
 5 | text 10 | 01-06-2011
 5 | text 10 | 01-06-2011
 5 | text 10 | 01-16-2011
 5 | text 10 | 01-16-2011
 5 | text 10 | 01-16-2011
 5 | text 10 | 01-16-2011
 5 | text 10 | 01-16-2011
 5 | text 10 | 01-16-2011
 5 | text 10 | 01-16-2011
 5 | text 10 | 01-16-2011
 5 | text 10 | 01-16-2011
 5 | text 10 | 01-16-2011
 5 | text 5  | 01-06-2011
 5 | text 5  | 01-06-2011
 5 | text 5  | 01-06-2011
 5 | text 5  | 01-06-2011
 5 | text 5  | 01-06-2011
 5 | text 5  | 01-06-2011
 5 | text 5  | 01-06-2011
 5 | text 5  | 01-06-2011
 5 | text 5  | 01-06-2011
 5 | text 5  | 01-06-2011
 5 | text 5  | 01-06-2011
 5 | text 5  | 01-06-2011
 5 | text 5  | 01-06-2011
 5 | text 5  | 01-06-2011
 5 | text 5  | 01-06-2011
 5 | text 5  | 01-06-2011
 5 | text 5  | 01-06-2011
 5 | text 5  | 01-06-2011
 5 | text 5  | 01-06-2011
 5 | text 5  | 01-06-2011
 5 | text 5  | 01-16-2011
 5 | text 5  | 01-16-2011
 5 | text 5  | 01-16-2011
 5 | text 5  | 01-16-2011
 5 | text 5  | 01-16-2011
 5 | text 5  | 01-16-2011
 5 | text 5  | 01-16-2011
 5 | text 5  | 01-16-2011
 5 | text 5  | 01-16-2011
 5 | text 5  | 01-16-2011
 5 | text 5  | 01-16-2011
 5 | text 5  | 01-16-2011
 5 | text 5  | 01-16-2011
 5 | text 5  | 01-16-2011
 5 | text 5  | 01-16-2011
 5 | text 5  | 01-16-2011
 5 | text 5  | 01-16-2011
 5 | text 5  | 01-16-2011
 5 | text 5  | 01-16-2011
 5 | text 5  | 01-16-2011
 6 | text 1  | 01-07-2011
 6 | text 1  | 01-07-2011
 6 | text 1  | 01-07-2011
 6 | text 1  | 01-07-2011
 6 | text 1  | 01-07-2011
 6 | text 1  | 01-07-2011
 6 | text 1  | 01-07-2011
 6 | text 1  | 01-07-2011
 6 | text 1  | 01-07-2011
 6 | text 1  | 01-07-2011
 6 | text 1  | 01-17-2011
 6 | text 1  | 01-17-2011
 6 | text 1  | 01-17-2011
 6 | text 1  | 01-17-2011
 6 | text 1  | 01-17-2011
 6 | text 1  | 01-17-2011
 6 | text 1  | 01-17-2011
 6 | text 1  | 01-17-2011
 6 | text 1  | 01-17-2011
 6 | text 1  | 01-17-2011
 6 | text 1  | 01-17-2011
 6 | text 1  | 01-17-2011
 6 | text 1  | 01-17-2011
 6 | text 1  | 01-17-2011
 6 | text 1  | 01-17-2011
 6 | text 1  | 01-17-2011
 6 | text 1  | 01-17-2011
 6 | text 1  | 01-17-2011
 6 | text 1  | 01-17-2011
 6 | text 1  | 01-17-2011
 6 | text 11 | 01-07-2011
 6 | text 11 | 01-07-2011
 6 | text 11 | 01-07-2011
 6 | text 11 | 01-07-2011
 6 | text 11 | 01-07-2011
 6 | text 11 | 01-07-2011
 6 | text 11 | 01-07-2011
 6 | text 11 | 01-07-2011
 6 | text 11 | 01-07-2011
 6 | text 11 | 01-07-2011
 6 | text 11 | 01-07-2011
 6 | text 11 | 01-07-2011
 6 | text 11 | 01-07-2011
 6 | text 11 | 01-07-2011
 6 | text 11 | 01-07-2011
 6 | text 11 | 01-07-2011
 6 | text 11 | 01-07-2011
 6 | text 11 | 01-07-2011
 6 | text 11 | 01-07-2011
 6 | text 11 | 01-07-2011
 6 | text 11 | 01-17-2011
 6 | text 11 | 01-17-2011
 6 | text 11 | 01-17-2011
 6 | text 11 | 01-17-2011
 6 | text 11 | 01-17-2011
 6 | text 11 | 01-17-2011
 6 | text 11 | 01-17-2011
 6 | text 11 | 01-17-2011
 6 | text 11 | 01-17-2011
 6 | text 11 | 01-17-2011
 6 | text 6  | 01-07-2011
 6 | text 6  | 01-07-2011
 6 | text 6  | 01-07-2011
 6 | text 6  | 01-07-2011
 6 | text 6  | 01-07-2011
 6 | text 6  | 01-07-2011
 6 | text 6  | 01-07-2011
 6 | text 6  | 01-07-2011
 6 | text 6  | 01-07-2011
 6 | text 6  | 01-07-2011
 6 | text 6  | 01-07-2011
 6 | text 6  | 01-07-2011
 6 | text 6  | 01-07-2011
 6 | text 6  | 01-07-2011
 6 | text 6  | 01-07-2011
 6 | text 6  | 01-07-2011
 6 | text 6  | 01-07-2011
 6 | text 6  | 01-07-2011
 6 | text 6  | 01-07-2011
 6 | text 6  | 01-07-2011
 6 | text 6  | 01-17-2011
 6 | text 6  | 01-17-2011
 6 | text 6  | 01-17-2011
 6 | text 6  | 01-17-2011
 6 | text 6  | 01-17-2011
 6 | text 6  | 01-17-2011
 6 | text 6  | 01-17-2011
 6 | text 6  | 01-17-2011
 6 | text 6  | 01-17-2011
 6 | text 6  | 01-17-2011
 6 | text 6  | 01-17-2011
 6 | text 6  | 01-17-2011
 6 | text 6  | 01-17-2011
 6 | text 6  | 01-17-2011
 6 | text 6  | 01-17-2011
 6 | text 6  | 01-17-2011
 6 | text 6  | 01-17-2011
 6 | text 6  | 01-17-2011
 6 | text 6  | 01-17-2011
 6 | text 6  | 01-17-2011
 7 | text 12 | 01-08-2011
 7 | text 12 | 01-08-2011
 7 | text 12 | 01-08-2011
 7 | text 12 | 01-08-2011
 7 | text 12 | 01-08-2011
 7 | text 12 | 01-08-2011
 7 | text 12 | 01-08-2011
 7 | text 12 | 01-08-2011
 7 | text 12 | 01-08-2011
 7 | text 12 | 01-08-2011
 7 | text 12 | 01-08-2011
 7 | text 12 | 01-08-2011
 7 | text 12 | 01-08-2011
 7 | text 12 | 01-08-2011
 7 | text 12 | 01-08-2011
 7 | text 12 | 01-08-2011
 7 | text 12 | 01-08-2011
 7 | text 12 | 01-08-2011
 7 | text 12 | 01-08-2011
 7 | text 12 | 01-08-2011
 7 | text 12 | 01-18-2011
 7 | text 12 | 01-18-2011
 7 | text 12 | 01-18-2011
 7 | text 12 | 01-18-2011
 7 | text 12 | 01-18-2011
 7 | text 12 | 01-18-2011
 7 | text 12 | 01-18-2011
 7 | text 12 | 01-18-2011
 7 | text 12 | 01-18-2011
 7 | text 12 | 01-18-2011
 7 | text 2  | 01-08-2011
 7 | text 2  | 01-08-2011
 7 | text 2  | 01-08-2011
 7 | text 2  | 01-08-2011
 7 | text 2  | 01-08-2011
 7 | text 2  | 01-08-2011
 7 | text 2  | 01-08-2011
 7 | text 2  | 01-08-2011
 7 | text 2  | 01-08-2011
 7 | text 2  | 01-08-2011
 7 | text 2  | 01-18-2011
 7 | text 2  | 01-18-2011
 7 | text 2  | 01-18-2011
 7 | text 2  | 01-18-2011
 7 | text 2  | 01-18-2011
 7 | text 2  | 01-18-2011
 7 | text 2  | 01-18-2011
 7 | text 2  | 01-18-2011
 7 | text 2  | 01-18-2011
 7 | text 2  | 01-18-2011
 7 | text 2  | 01-18-2011
 7 | text 2  | 01-18-2011
 7 | text 2  | 01-18-2011
 7 | text 2  | 01-18-2011
 7 | text 2  | 01-18-2011
 7 | text 2  | 01-18-2011
 7 | text 2  | 01-18-2011
 7 | text 2  | 01-18-2011
 7 | text 2  | 01-18-2011
 7 | text 2  | 01-18-2011
 7 | text 7  | 01-08-2011
 7 | text 7  | 01-08-2011
 7 | text 7  | 01-08-2011
 7 | text 7  | 01-08-2011
 7 | text 7  | 01-08-2011
 7 | text 7  | 01-08-2011
 7 | text 7  | 01-08-2011
 7 | text 7  | 01-08-2011
 7 | text 7  | 01-08-2011
 7 | text 7  | 01-08-2011
 7 | text 7  | 01-08-2011
 7 | text 7  | 01-08-2011
 7 | text 7  | 01-08-2011
 7 | text 7  | 01-08-2011
 7 | text 7  | 01-08-2011
 7 | text 7  | 01-08-2011
 7 | text 7  | 01-08-2011
 7 | text 7  | 01-08-2011
 7 | text 7  | 01-08-2011
 7 | text 7  | 01-08-2011
 7 | text 7  | 01-18-2011
 7 | text 7  | 01-18-2011
 7 | text 7  | 01-18-2011
 7 | text 7  | 01-18-2011
 7 | text 7  | 01-18-2011
 7 | text 7  | 01-18-2011
 7 | text 7  | 01-18-2011
 7 | text 7  | 01-18-2011
 7 | text 7  | 01-18-2011
 7 | text 7  | 01-18-2011
 7 | text 7  | 01-18-2011
 7 | text 7  | 01-18-2011
 7 | text 7  | 01-18-2011
 7 | text 7  | 01-18-2011
 7 | text 7  | 01-18-2011
 7 | text 7  | 01-18-2011
 7 | text 7  | 01-18-2011
 7 | text 7  | 01-18-2011
 7 | text 7  | 01-18-2011
 7 | text 7  | 01-18-2011
 8 | text 13 | 01-09-2011
 8 | text 13 | 01-09-2011
 8 | text 13 | 01-09-2011
 8 | text 13 | 01-09-2011
 8 | text 13 | 01-09-2011
 8 | text 13 | 01-09-2011
 8 | text 13 | 01-09-2011
 8 | text 13 | 01-09-2011
 8 | text 13 | 01-09-2011
 8 | text 13 | 01-09-2011
 8 | text 13 | 01-09-2011
 8 | text 13 | 01-09-2011
 8 | text 13 | 01-09-2011
 8 | text 13 | 01-09-2011
 8 | text 13 | 01-09-2011
 8 | text 13 | 01-09-2011
 8 | text 13 | 01-09-2011
 8 | text 13 | 01-09-2011
 8 | text 13 | 01-09-2011
 8 | text 13 | 01-09-2011
 8 | text 13 | 01-19-2011
 8 | text 13 | 01-19-2011
 8 | text 13 | 01-19-2011
 8 | text 13 | 01-19-2011
 8 | text 13 | 01-19-2011
 8 | text 13 | 01-19-2011
 8 | text 13 | 01-19-2011
 8 | text 13 | 01-19-2011
 8 | text 13 | 01-19-2011
 8 | text 13 | 01-19-2011
 8 | text 3  | 01-09-2011
 8 | text 3  | 01-09-2011
 8 | text 3  | 01-09-2011
 8 | text 3  | 01-09-2011
 8 | text 3  | 01-09-2011
 8 | text 3  | 01-09-2011
 8 | text 3  | 01-09-2011
 8 | text 3  | 01-09-2011
 8 | text 3  | 01-09-2011
 8 | text 3  | 01-09-2011
 8 | text 3  | 01-19-2011
 8 | text 3  | 01-19-2011
 8 | text 3  | 01-19-2011
 8 | text 3  | 01-19-2011
 8 | text 3  | 01-19-2011
 8 | text 3  | 01-19-2011
 8 | text 3  | 01-19-2011
 8 | text 3  | 01-19-2011
 8 | text 3  | 01-19-2011
 8 | text 3  | 01-19-2011
 8 | text 3  | 01-19-2011
 8 | text 3  | 01-19-2011
 8 | text 3  | 01-19-2011
 8 | text 3  | 01-19-2011
 8 | text 3  | 01-19-2011
 8 | text 3  | 01-19-2011
 8 | text 3  | 01-19-2011
 8 | text 3  | 01-19-2011
 8 | text 3  | 01-19-2011
 8 | text 3  | 01-19-2011
 8 | text 8  | 01-09-2011
 8 | text 8  | 01-09-2011
 8 | text 8  | 01-09-2011
 8 | text 8  | 01-09-2011
 8 | text 8  | 01-09-2011
 8 | text 8  | 01-09-2011
 8 | text 8  | 01-09-2011
 8 | text 8  | 01-09-2011
 8 | text 8  | 01-09-2011
 8 | text 8  | 01-09-2011
 8 | text 8  | 01-09-2011
 8 | text 8  | 01-09-2011
 8 | text 8  | 01-09-2011
 8 | text 8  | 01-09-2011
 8 | text 8  | 01-09-2011
 8 | text 8  | 01-09-2011
 8 | text 8  | 01-09-2011
 8 | text 8  | 01-09-2011
 8 | text 8  | 01-09-2011
 8 | text 8  | 01-09-2011
 8 | text 8  | 01-19-2011
 8 | text 8  | 01-19-2011
 8 | text 8  | 01-19-2011
 8 | text 8  | 01-19-2011
 8 | text 8  | 01-19-2011
 8 | text 8  | 01-19-2011
 8 | text 8  | 01-19-2011
 8 | text 8  | 01-19-2011
 8 | text 8  | 01-19-2011
 8 | text 8  | 01-19-2011
 8 | text 8  | 01-19-2011
 8 | text 8  | 01-19-2011
 8 | text 8  | 01-19-2011
 8 | text 8  | 01-19-2011
 8 | text 8  | 01-19-2011
 8 | text 8  | 01-19-2011
 8 | text 8  | 01-19-2011
 8 | text 8  | 01-19-2011
 8 | text 8  | 01-19-2011
 8 | text 8  | 01-19-2011
 9 | text 14 | 01-10-2011
 9 | text 14 | 01-10-2011
 9 | text 14 | 01-10-2011
 9 | text 14 | 01-10-2011
 9 | text 14 | 01-10-2011
 9 | text 14 | 01-10-2011
 9 | text 14 | 01-10-2011
 9 | text 14 | 01-10-2011
 9 | text 14 | 01-10-2011
 9 | text 14 | 01-10-2011
 9 | text 14 | 01-10-2011
 9 | text 14 | 01-10-2011
 9 | text 14 | 01-10-2011
 9 | text 14 | 01-10-2011
 9 | text 14 | 01-10-2011
 9 | text 14 | 01-10-2011
 9 | text 14 | 01-10-2011
 9 | text 14 | 01-10-2011
 9 | text 14 | 01-10-2011
 9 | text 14 | 01-10-2011
 9 | text 14 | 01-20-2011
 9 | text 14 | 01-20-2011
 9 | text 14 | 01-20-2011
 9 | text 14 | 01-20-2011
 9 | text 14 | 01-20-2011
 9 | text 14 | 01-20-2011
 9 | text 14 | 01-20-2011
 9 | text 14 | 01-20-2011
 9 | text 14 | 01-20-2011
 9 | text 14 | 01-20-2011
 9 | text 4  | 01-10-2011
 9 | text 4  | 01-10-2011
 9 | text 4  | 01-10-2011
 9 | text 4  | 01-10-2011
 9 | text 4  | 01-10-2011
 9 | text 4  | 01-10-2011
 9 | text 4  | 01-10-2011
 9 | text 4  | 01-10-2011
 9 | text 4  | 01-10-2011
 9 | text 4  | 01-10-2011
 9 | text 4  | 01-20-2011
 9 | text 4  | 01-20-2011
 9 | text 4  | 01-20-2011
 9 | text 4  | 01-20-2011
 9 | text 4  | 01-20-2011
 9 | text 4  | 01-20-2011
 9 | text 4  | 01-20-2011
 9 | text 4  | 01-20-2011
 9 | text 4  | 01-20-2011
 9 | text 4  | 01-20-2011
 9 | text 4  | 01-20-2011
 9 | text 4  | 01-20-2011
 9 | text 4  | 01-20-2011
 9 | text 4  | 01-20-2011
 9 | text 4  | 01-20-2011
 9 | text 4  | 01-20-2011
 9 | text 4  | 01-20-2011
 9 | text 4  | 01-20-2011
 9 | text 4  | 01-20-2011
 9 | text 4  | 01-20-2011
 9 | text 9  | 01-10-2011
 9 | text 9  | 01-10-2011
 9 | text 9  | 01-10-2011
 9 | text 9  | 01-10-2011
 9 | text 9  | 01-10-2011
 9 | text 9  | 01-10-2011
 9 | text 9  | 01-10-2011
 9 | text 9  | 01-10-2011
 9 | text 9  | 01-10-2011
 9 | text 9  | 01-10-2011
 9 | text 9  | 01-10-2011
 9 | text 9  | 01-10-2011
 9 | text 9  | 01-10-2011
 9 | text 9  | 01-10-2011
 9 | text 9  | 01-10-2011
 9 | text 9  | 01-10-2011
 9 | text 9  | 01-10-2011
 9 | text 9  | 01-10-2011
 9 | text 9  | 01-10-2011
 9 | text 9  | 01-10-2011
 9 | text 9  | 01-20-2011
 9 | text 9  | 01-20-2011
 9 | text 9  | 01-20-2011
 9 | text 9  | 01-20-2011
 9 | text 9  | 01-20-2011
 9 | text 9  | 01-20-2011
 9 | text 9  | 01-20-2011
 9 | text 9  | 01-20-2011
 9 | text 9  | 01-20-2011
 9 | text 9  | 01-20-2011
 9 | text 9  | 01-20-2011
 9 | text 9  | 01-20-2011
 9 | text 9  | 01-20-2011
 9 | text 9  | 01-20-2011
 9 | text 9  | 01-20-2011
 9 | text 9  | 01-20-2011
 9 | text 9  | 01-20-2011
 9 | text 9  | 01-20-2011
 9 | text 9  | 01-20-2011
 9 | text 9  | 01-20-2011
(1000 rows)

explain analyze select t1.* from smallt as t1, smallt as t2 where t1.i = t2.i;
                                                          QUERY PLAN                                                          
------------------------------------------------------------------------------------------------------------------------------
 Gather Motion 3:1  (slice1; segments: 3)  (cost=1.75..73.31 rows=1000 width=15) (actual time=2.430..3.464 rows=1000 loops=1)
   ->  Hash Join  (cost=1.75..6.64 rows=333 width=15) (actual time=1.904..2.361 rows=500 loops=1)
         Hash Cond: (t1.i = t2.i)
         ->  Seq Scan on smallt t1  (cost=0.00..1.33 rows=33 width=15) (actual time=0.009..0.019 rows=50 loops=1)
         ->  Hash  (cost=1.33..1.33 rows=33 width=4) (actual time=0.046..0.046 rows=50 loops=1)
               Buckets: 524288  Batches: 1  Memory Usage: 4098kB
               ->  Seq Scan on smallt t2  (cost=0.00..1.33 rows=33 width=4) (actual time=0.007..0.023 rows=50 loops=1)
 Planning Time: 0.176 ms
   (slice0)    Executor memory: 35K bytes.
   (slice1)    Executor memory: 4152K bytes avg x 3 workers, 4154K bytes max (seg0).  Work_mem: 4098K bytes max.
 Memory used:  128000kB
 Optimizer: Postgres query optimizer
 Execution Time: 3.791 ms
(13 rows)

-- Rescan on HashJoin
--select t1.* from (select t11.* from smallt as t11, smallt as t22 where t11.i = t22.i and t11.i < 2) as t1,
--   (select t11.* from smallt as t11, smallt as t22 where t11.d = t22.d and t11.i < 5) as t2;
-- Material in SubPlan
select smallt2.* from smallt2
where i < (select count(*) from smallt where smallt.i = smallt2.i) order by 1,2,3;
 i |   t    |     d      
---+--------+------------
 0 | text 0 | 01-01-2011
 0 | text 0 | 01-01-2011
 0 | text 0 | 01-06-2011
 0 | text 0 | 01-11-2011
 0 | text 0 | 01-11-2011
 0 | text 5 | 01-01-2011
 0 | text 5 | 01-01-2011
 0 | text 5 | 01-06-2011
 0 | text 5 | 01-06-2011
 0 | text 5 | 01-11-2011
 1 | text 1 | 01-02-2011
 1 | text 1 | 01-02-2011
 1 | text 1 | 01-07-2011
 1 | text 1 | 01-12-2011
 1 | text 1 | 01-12-2011
 1 | text 6 | 01-02-2011
 1 | text 6 | 01-02-2011
 1 | text 6 | 01-07-2011
 1 | text 6 | 01-07-2011
 1 | text 6 | 01-12-2011
 2 | text 2 | 01-03-2011
 2 | text 2 | 01-03-2011
 2 | text 2 | 01-08-2011
 2 | text 2 | 01-13-2011
 2 | text 2 | 01-13-2011
 2 | text 7 | 01-03-2011
 2 | text 7 | 01-03-2011
 2 | text 7 | 01-08-2011
 2 | text 7 | 01-08-2011
 2 | text 7 | 01-13-2011
 3 | text 3 | 01-04-2011
 3 | text 3 | 01-04-2011
 3 | text 3 | 01-09-2011
 3 | text 3 | 01-14-2011
 3 | text 3 | 01-14-2011
 3 | text 8 | 01-04-2011
 3 | text 8 | 01-04-2011
 3 | text 8 | 01-09-2011
 3 | text 8 | 01-09-2011
 3 | text 8 | 01-14-2011
 4 | text 4 | 01-05-2011
 4 | text 4 | 01-05-2011
 4 | text 4 | 01-10-2011
 4 | text 4 | 01-15-2011
 4 | text 4 | 01-15-2011
 4 | text 9 | 01-05-2011
 4 | text 9 | 01-05-2011
 4 | text 9 | 01-10-2011
 4 | text 9 | 01-10-2011
 4 | text 9 | 01-15-2011
(50 rows)

explain select smallt2.* from smallt2
where i < (select count(*) from smallt where smallt.i = smallt2.i);
                                      QUERY PLAN                                       
---------------------------------------------------------------------------------------
 Gather Motion 3:1  (slice1; segments: 3)  (cost=1.65..3.65 rows=11 width=15)
   ->  Hash Join  (cost=1.65..2.90 rows=4 width=15)
         Hash Cond: (smallt2.i = "Expr_SUBQUERY".csq_c0)
         Join Filter: (smallt2.i < "Expr_SUBQUERY".csq_c1)
         ->  Seq Scan on smallt2  (cost=0.00..1.17 rows=17 width=15)
         ->  Hash  (cost=1.64..1.64 rows=1 width=12)
               ->  Subquery Scan on "Expr_SUBQUERY"  (cost=1.58..1.64 rows=1 width=12)
                     ->  HashAggregate  (cost=1.58..1.63 rows=1 width=12)
                           Group Key: smallt.i
                           Filter: (smallt.i < count(*))
                           ->  Seq Scan on smallt  (cost=0.00..1.33 rows=33 width=4)
 Optimizer: Postgres query optimizer
(12 rows)

-- Sort in MergeJoin
-- start_ignore
-- Known_opt_diff: OPT-3417. Missing feature: Sort Merge Join
-- end_ignore
set enable_hashjoin=off;
set enable_mergejoin=on;
select t1.* from smallt as t1, smallt as t2 where t1.i = t2.i and t1.i < 2;
 i |    t    |     d      
---+---------+------------
 0 | text 0  | 01-01-2011
 0 | text 0  | 01-01-2011
 0 | text 0  | 01-01-2011
 0 | text 0  | 01-01-2011
 0 | text 0  | 01-01-2011
 0 | text 0  | 01-01-2011
 0 | text 0  | 01-01-2011
 0 | text 0  | 01-01-2011
 0 | text 0  | 01-01-2011
 0 | text 0  | 01-01-2011
 0 | text 10 | 01-11-2011
 0 | text 10 | 01-11-2011
 0 | text 10 | 01-11-2011
 0 | text 10 | 01-11-2011
 0 | text 10 | 01-11-2011
 0 | text 10 | 01-11-2011
 0 | text 10 | 01-11-2011
 0 | text 10 | 01-11-2011
 0 | text 10 | 01-11-2011
 0 | text 10 | 01-11-2011
 0 | text 5  | 01-01-2011
 0 | text 5  | 01-01-2011
 0 | text 5  | 01-01-2011
 0 | text 5  | 01-01-2011
 0 | text 5  | 01-01-2011
 0 | text 5  | 01-01-2011
 0 | text 5  | 01-01-2011
 0 | text 5  | 01-01-2011
 0 | text 5  | 01-01-2011
 0 | text 5  | 01-01-2011
 0 | text 0  | 01-11-2011
 0 | text 0  | 01-11-2011
 0 | text 0  | 01-11-2011
 0 | text 0  | 01-11-2011
 0 | text 0  | 01-11-2011
 0 | text 0  | 01-11-2011
 0 | text 0  | 01-11-2011
 0 | text 0  | 01-11-2011
 0 | text 0  | 01-11-2011
 0 | text 0  | 01-11-2011
 0 | text 10 | 01-01-2011
 0 | text 10 | 01-01-2011
 0 | text 10 | 01-01-2011
 0 | text 10 | 01-01-2011
 0 | text 10 | 01-01-2011
 0 | text 10 | 01-01-2011
 0 | text 10 | 01-01-2011
 0 | text 10 | 01-01-2011
 0 | text 10 | 01-01-2011
 0 | text 10 | 01-01-2011
 0 | text 5  | 01-11-2011
 0 | text 5  | 01-11-2011
 0 | text 5  | 01-11-2011
 0 | text 5  | 01-11-2011
 0 | text 5  | 01-11-2011
 0 | text 5  | 01-11-2011
 0 | text 5  | 01-11-2011
 0 | text 5  | 01-11-2011
 0 | text 5  | 01-11-2011
 0 | text 5  | 01-11-2011
 0 | text 0  | 01-01-2011
 0 | text 0  | 01-01-2011
 0 | text 0  | 01-01-2011
 0 | text 0  | 01-01-2011
 0 | text 0  | 01-01-2011
 0 | text 0  | 01-01-2011
 0 | text 0  | 01-01-2011
 0 | text 0  | 01-01-2011
 0 | text 0  | 01-01-2011
 0 | text 0  | 01-01-2011
 0 | text 10 | 01-11-2011
 0 | text 10 | 01-11-2011
 0 | text 10 | 01-11-2011
 0 | text 10 | 01-11-2011
 0 | text 10 | 01-11-2011
 0 | text 10 | 01-11-2011
 0 | text 10 | 01-11-2011
 0 | text 10 | 01-11-2011
 0 | text 10 | 01-11-2011
 0 | text 10 | 01-11-2011
 0 | text 5  | 01-01-2011
 0 | text 5  | 01-01-2011
 0 | text 5  | 01-01-2011
 0 | text 5  | 01-01-2011
 0 | text 5  | 01-01-2011
 0 | text 5  | 01-01-2011
 0 | text 5  | 01-01-2011
 0 | text 5  | 01-01-2011
 0 | text 5  | 01-01-2011
 0 | text 5  | 01-01-2011
 0 | text 0  | 01-11-2011
 0 | text 0  | 01-11-2011
 0 | text 0  | 01-11-2011
 0 | text 0  | 01-11-2011
 0 | text 0  | 01-11-2011
 0 | text 0  | 01-11-2011
 0 | text 0  | 01-11-2011
 0 | text 0  | 01-11-2011
 0 | text 0  | 01-11-2011
 0 | text 0  | 01-11-2011
 1 | text 11 | 01-12-2011
 1 | text 11 | 01-12-2011
 1 | text 11 | 01-12-2011
 1 | text 11 | 01-12-2011
 1 | text 11 | 01-12-2011
 1 | text 11 | 01-12-2011
 1 | text 11 | 01-12-2011
 1 | text 11 | 01-12-2011
 1 | text 11 | 01-12-2011
 1 | text 11 | 01-12-2011
 1 | text 1  | 01-02-2011
 1 | text 1  | 01-02-2011
 1 | text 1  | 01-02-2011
 1 | text 1  | 01-02-2011
 1 | text 1  | 01-02-2011
 1 | text 1  | 01-02-2011
 1 | text 1  | 01-02-2011
 1 | text 1  | 01-02-2011
 1 | text 1  | 01-02-2011
 1 | text 1  | 01-02-2011
 1 | text 6  | 01-12-2011
 1 | text 6  | 01-12-2011
 1 | text 6  | 01-12-2011
 1 | text 6  | 01-12-2011
 1 | text 6  | 01-12-2011
 1 | text 6  | 01-12-2011
 1 | text 6  | 01-12-2011
 1 | text 6  | 01-12-2011
 1 | text 6  | 01-12-2011
 1 | text 6  | 01-12-2011
 1 | text 11 | 01-12-2011
 1 | text 11 | 01-12-2011
 1 | text 11 | 01-12-2011
 1 | text 11 | 01-12-2011
 1 | text 11 | 01-12-2011
 1 | text 11 | 01-12-2011
 1 | text 11 | 01-12-2011
 1 | text 11 | 01-12-2011
 1 | text 11 | 01-12-2011
 1 | text 11 | 01-12-2011
 1 | text 1  | 01-12-2011
 1 | text 1  | 01-12-2011
 1 | text 1  | 01-12-2011
 1 | text 1  | 01-12-2011
 1 | text 1  | 01-12-2011
 1 | text 1  | 01-12-2011
 1 | text 1  | 01-12-2011
 1 | text 1  | 01-12-2011
 1 | text 1  | 01-12-2011
 1 | text 1  | 01-12-2011
 1 | text 6  | 01-02-2011
 1 | text 6  | 01-02-2011
 1 | text 6  | 01-02-2011
 1 | text 6  | 01-02-2011
 1 | text 6  | 01-02-2011
 1 | text 6  | 01-02-2011
 1 | text 6  | 01-02-2011
 1 | text 6  | 01-02-2011
 1 | text 6  | 01-02-2011
 1 | text 6  | 01-02-2011
 1 | text 1  | 01-02-2011
 1 | text 1  | 01-02-2011
 1 | text 1  | 01-02-2011
 1 | text 1  | 01-02-2011
 1 | text 1  | 01-02-2011
 1 | text 1  | 01-02-2011
 1 | text 1  | 01-02-2011
 1 | text 1  | 01-02-2011
 1 | text 1  | 01-02-2011
 1 | text 1  | 01-02-2011
 1 | text 1  | 01-12-2011
 1 | text 1  | 01-12-2011
 1 | text 1  | 01-12-2011
 1 | text 1  | 01-12-2011
 1 | text 1  | 01-12-2011
 1 | text 1  | 01-12-2011
 1 | text 1  | 01-12-2011
 1 | text 1  | 01-12-2011
 1 | text 1  | 01-12-2011
 1 | text 1  | 01-12-2011
 1 | text 6  | 01-02-2011
 1 | text 6  | 01-02-2011
 1 | text 6  | 01-02-2011
 1 | text 6  | 01-02-2011
 1 | text 6  | 01-02-2011
 1 | text 6  | 01-02-2011
 1 | text 6  | 01-02-2011
 1 | text 6  | 01-02-2011
 1 | text 6  | 01-02-2011
 1 | text 6  | 01-02-2011
 1 | text 11 | 01-02-2011
 1 | text 11 | 01-02-2011
 1 | text 11 | 01-02-2011
 1 | text 11 | 01-02-2011
 1 | text 11 | 01-02-2011
 1 | text 11 | 01-02-2011
 1 | text 11 | 01-02-2011
 1 | text 11 | 01-02-2011
 1 | text 11 | 01-02-2011
 1 | text 11 | 01-02-2011
(200 rows)

explain analyze select t1.* from smallt as t1, smallt as t2 where t1.i = t2.i and t1.i < 2;
                                                        QUERY PLAN                                                        
--------------------------------------------------------------------------------------------------------------------------
 Gather Motion 3:1  (slice1; segments: 3)  (cost=3.02..5.79 rows=40 width=15) (actual time=0.833..0.881 rows=200 loops=1)
   ->  Merge Join  (cost=3.02..3.13 rows=13 width=15) (actual time=0.085..0.290 rows=200 loops=1)
         Merge Cond: (t1.i = t2.i)
         ->  Sort  (cost=1.51..1.52 rows=7 width=15) (actual time=0.043..0.050 rows=20 loops=1)
               Sort Key: t1.i
               Sort Method:  quicksort  Memory: 150kB
               ->  Seq Scan on smallt t1  (cost=0.00..1.42 rows=7 width=15) (actual time=0.013..0.025 rows=20 loops=1)
                     Filter: (i < 2)
         ->  Sort  (cost=1.51..1.52 rows=7 width=4) (actual time=0.037..0.082 rows=191 loops=1)
               Sort Key: t2.i
               Sort Method:  quicksort  Memory: 50kB
               ->  Seq Scan on smallt t2  (cost=0.00..1.42 rows=7 width=4) (actual time=0.006..0.020 rows=20 loops=1)
                     Filter: (i < 2)
 Planning Time: 0.252 ms
   (slice0)    Executor memory: 39K bytes.
   (slice1)    Executor memory: 26K bytes avg x 3 workers, 26K bytes max (seg1).  Work_mem: 26K bytes max.
 Memory used:  128000kB
 Optimizer: Postgres query optimizer
 Execution Time: 1.288 ms
(19 rows)

select t1.* from smallt as t1, smallt as t2 where t1.d = t2.d and t1.i < 2;
 i |    t    |     d      
---+---------+------------
 1 | text 11 | 01-12-2011
 1 | text 11 | 01-12-2011
 1 | text 11 | 01-12-2011
 1 | text 11 | 01-12-2011
 1 | text 11 | 01-12-2011
 1 | text 1  | 01-12-2011
 1 | text 1  | 01-12-2011
 1 | text 1  | 01-12-2011
 1 | text 1  | 01-12-2011
 1 | text 1  | 01-12-2011
 1 | text 6  | 01-12-2011
 1 | text 6  | 01-12-2011
 1 | text 6  | 01-12-2011
 1 | text 6  | 01-12-2011
 1 | text 6  | 01-12-2011
 1 | text 11 | 01-12-2011
 1 | text 11 | 01-12-2011
 1 | text 11 | 01-12-2011
 1 | text 11 | 01-12-2011
 1 | text 11 | 01-12-2011
 1 | text 1  | 01-12-2011
 1 | text 1  | 01-12-2011
 1 | text 1  | 01-12-2011
 1 | text 1  | 01-12-2011
 1 | text 1  | 01-12-2011
 0 | text 0  | 01-01-2011
 0 | text 0  | 01-01-2011
 0 | text 0  | 01-01-2011
 0 | text 0  | 01-01-2011
 0 | text 0  | 01-01-2011
 0 | text 10 | 01-01-2011
 0 | text 10 | 01-01-2011
 0 | text 10 | 01-01-2011
 0 | text 10 | 01-01-2011
 0 | text 10 | 01-01-2011
 0 | text 0  | 01-01-2011
 0 | text 0  | 01-01-2011
 0 | text 0  | 01-01-2011
 0 | text 0  | 01-01-2011
 0 | text 0  | 01-01-2011
 0 | text 5  | 01-01-2011
 0 | text 5  | 01-01-2011
 0 | text 5  | 01-01-2011
 0 | text 5  | 01-01-2011
 0 | text 5  | 01-01-2011
 0 | text 5  | 01-01-2011
 0 | text 5  | 01-01-2011
 0 | text 5  | 01-01-2011
 0 | text 5  | 01-01-2011
 0 | text 5  | 01-01-2011
 1 | text 11 | 01-02-2011
 1 | text 11 | 01-02-2011
 1 | text 11 | 01-02-2011
 1 | text 11 | 01-02-2011
 1 | text 11 | 01-02-2011
 1 | text 1  | 01-02-2011
 1 | text 1  | 01-02-2011
 1 | text 1  | 01-02-2011
 1 | text 1  | 01-02-2011
 1 | text 1  | 01-02-2011
 1 | text 6  | 01-02-2011
 1 | text 6  | 01-02-2011
 1 | text 6  | 01-02-2011
 1 | text 6  | 01-02-2011
 1 | text 6  | 01-02-2011
 1 | text 1  | 01-02-2011
 1 | text 1  | 01-02-2011
 1 | text 1  | 01-02-2011
 1 | text 1  | 01-02-2011
 1 | text 1  | 01-02-2011
 1 | text 6  | 01-02-2011
 1 | text 6  | 01-02-2011
 1 | text 6  | 01-02-2011
 1 | text 6  | 01-02-2011
 1 | text 6  | 01-02-2011
 0 | text 0  | 01-11-2011
 0 | text 0  | 01-11-2011
 0 | text 0  | 01-11-2011
 0 | text 0  | 01-11-2011
 0 | text 0  | 01-11-2011
 0 | text 10 | 01-11-2011
 0 | text 10 | 01-11-2011
 0 | text 10 | 01-11-2011
 0 | text 10 | 01-11-2011
 0 | text 10 | 01-11-2011
 0 | text 10 | 01-11-2011
 0 | text 10 | 01-11-2011
 0 | text 10 | 01-11-2011
 0 | text 10 | 01-11-2011
 0 | text 10 | 01-11-2011
 0 | text 5  | 01-11-2011
 0 | text 5  | 01-11-2011
 0 | text 5  | 01-11-2011
 0 | text 5  | 01-11-2011
 0 | text 5  | 01-11-2011
 0 | text 0  | 01-11-2011
 0 | text 0  | 01-11-2011
 0 | text 0  | 01-11-2011
 0 | text 0  | 01-11-2011
 0 | text 0  | 01-11-2011
(100 rows)

--start_ignore
explain analyze select t1.* from smallt as t1, smallt as t2 where t1.d = t2.d and t1.i < 2;
                                                                   QUERY PLAN                                                                   
------------------------------------------------------------------------------------------------------------------------------------------------
 Gather Motion 3:1  (slice1; segments: 3)  (cost=7.68..14.66 rows=100 width=15) (actual time=1.930..2.155 rows=100 loops=1)
   ->  Merge Join  (cost=7.68..8.00 rows=33 width=15) (actual time=1.517..1.620 rows=75 loops=1)
         Merge Cond: (t1.d = t2.d)
         ->  Sort  (cost=2.17..2.19 rows=7 width=15) (actual time=0.047..0.051 rows=15 loops=1)
               Sort Key: t1.d
               Sort Method:  quicksort  Memory: 150kB
               ->  Redistribute Motion 3:3  (slice2; segments: 3)  (cost=0.00..2.08 rows=7 width=15) (actual time=0.016..0.025 rows=15 loops=1)
                     Hash Key: t1.d
                     ->  Seq Scan on smallt t1  (cost=0.00..1.42 rows=7 width=15) (actual time=0.021..0.035 rows=20 loops=1)
                           Filter: (i < 2)
         ->  Sort  (cost=5.51..5.59 rows=33 width=4) (actual time=0.729..0.741 rows=46 loops=2)
               Sort Key: t2.d
               Sort Method:  quicksort  Memory: 156kB
               ->  Redistribute Motion 3:3  (slice3; segments: 3)  (cost=0.00..4.67 rows=33 width=4) (actual time=1.381..1.419 rows=35 loops=1)
                     Hash Key: t2.d
                     ->  Seq Scan on smallt t2  (cost=0.00..1.33 rows=33 width=4) (actual time=0.021..0.055 rows=50 loops=1)
 Planning Time: 0.265 ms
   (slice0)    Executor memory: 39K bytes.
   (slice1)    Executor memory: 27K bytes avg x 3 workers, 27K bytes max (seg1).  Work_mem: 27K bytes max.
   (slice2)    Executor memory: 15K bytes avg x 3 workers, 15K bytes max (seg0).
   (slice3)    Executor memory: 15K bytes avg x 3 workers, 15K bytes max (seg0).
 Memory used:  128000kB
 Optimizer: Postgres query optimizer
 Execution Time: 2.739 ms
(24 rows)

--end_ignore
set enable_hashjoin=on;
set enable_mergejoin=off;
-- ShareInputScan
--with my_group_max(i, maximum) as (select i, max(d) from smallt group by i)
--select smallt2.* from my_group_max, smallt2 where my_group_max.i = smallt2.i
--and smallt2.i < any (select maximum from my_group_max);
--explain analyze with my_group_max(i, maximum) as (select i, max(d) from smallt group by i)
--select smallt2.* from my_group_max, smallt2 where my_group_max.i = smallt2.i
--and smallt2.i < any (select maximum from my_group_max);
-- IndexScan
create index smallt_d_idx on smallt (d);
create index smallt2_d_idx on smallt2 (d);
-- start_ignore
-- Known_opt_diff: This test is only here for the planner. It doesn't exercise eagerfree in ORCA plans
-- end_ignore
set enable_hashjoin=off;
set enable_nestloop=on;
set enable_seqscan=off;
set enable_bitmapscan=off;
select smallt.* from smallt, smallt2 where smallt.i = smallt2.i and smallt2.d = '2011-01-04'::date
and smallt.d = '2011-01-04'::date order by 1,2,3;
 i |    t    |     d      
---+---------+------------
 3 | text 13 | 01-04-2011
 3 | text 13 | 01-04-2011
 3 | text 13 | 01-04-2011
 3 | text 13 | 01-04-2011
 3 | text 3  | 01-04-2011
 3 | text 3  | 01-04-2011
 3 | text 3  | 01-04-2011
 3 | text 3  | 01-04-2011
 3 | text 3  | 01-04-2011
 3 | text 3  | 01-04-2011
 3 | text 3  | 01-04-2011
 3 | text 3  | 01-04-2011
 3 | text 8  | 01-04-2011
 3 | text 8  | 01-04-2011
 3 | text 8  | 01-04-2011
 3 | text 8  | 01-04-2011
 3 | text 8  | 01-04-2011
 3 | text 8  | 01-04-2011
 3 | text 8  | 01-04-2011
 3 | text 8  | 01-04-2011
(20 rows)

explain analyze select smallt.* from smallt, smallt2 where smallt.i = smallt2.i and smallt2.d = '2011-01-04'::date
and smallt.d = '2011-01-04'::date;
                                                                QUERY PLAN                                                                
------------------------------------------------------------------------------------------------------------------------------------------
 Gather Motion 3:1  (slice1; segments: 3)  (cost=0.28..60.64 rows=3 width=15) (actual time=0.266..0.276 rows=20 loops=1)
   ->  Nested Loop  (cost=0.28..60.42 rows=1 width=15) (actual time=0.036..0.063 rows=20 loops=1)
         Join Filter: (smallt.i = smallt2.i)
         ->  Index Scan using smallt_d_idx on smallt  (cost=0.14..24.20 rows=2 width=15) (actual time=0.015..0.019 rows=5 loops=1)
               Index Cond: (d = '01-04-2011'::date)
         ->  Materialize  (cost=0.14..36.19 rows=1 width=4) (actual time=0.003..0.005 rows=4 loops=5)
               ->  Index Scan using smallt2_d_idx on smallt2  (cost=0.14..36.18 rows=1 width=4) (actual time=0.011..0.015 rows=4 loops=1)
                     Index Cond: (d = '01-04-2011'::date)
 Planning Time: 0.469 ms
   (slice0)    Executor memory: 27K bytes.
   (slice1)    Executor memory: 37K bytes avg x 3 workers, 55K bytes max (seg0).  Work_mem: 17K bytes max.
 Memory used:  128000kB
 Optimizer: Postgres query optimizer
 Execution Time: 0.841 ms
(14 rows)

-- IndexOnlyScan
explain analyze select *, exists(select 1 from pg_class where oid = c.oid) as dummy from pg_class c;
                                                                           QUERY PLAN                                                                           
----------------------------------------------------------------------------------------------------------------------------------------------------------------
 Seq Scan on pg_class c  (cost=10000000000.00..10000191121.27 rows=22858 width=266) (actual time=20.404..28.420 rows=6577 loops=1)
   SubPlan 1
     ->  Index Only Scan using pg_class_oid_index on pg_class  (cost=0.29..8.30 rows=1 width=0) (never executed)
           Index Cond: (oid = c.oid)
           Heap Fetches: 0
   SubPlan 2
     ->  Index Only Scan using pg_class_oid_index on pg_class pg_class_1  (cost=0.29..2877.90 rows=22858 width=4) (actual time=0.052..16.703 rows=6577 loops=1)
           Heap Fetches: 21712
 Planning Time: 1.691 ms
   (slice0)    Executor memory: 1032K bytes.
 Memory used:  128000kB
 Optimizer: Postgres query optimizer
 Execution Time: 29.128 ms
(13 rows)

-- BitmapScan
-- start_ignore
-- Known_opt_diff: This test is only here for the planner. It doesn't exercise eagerfree in ORCA plans
-- end_ignore
set enable_indexscan=off;
set enable_bitmapscan=on;
select smallt.* from smallt, smallt2 where smallt.i = smallt2.i and smallt2.d = '2011-01-04'::date
and smallt.d = '2011-01-04'::date order by 1,2,3;
 i |    t    |     d      
---+---------+------------
 3 | text 13 | 01-04-2011
 3 | text 13 | 01-04-2011
 3 | text 13 | 01-04-2011
 3 | text 13 | 01-04-2011
 3 | text 3  | 01-04-2011
 3 | text 3  | 01-04-2011
 3 | text 3  | 01-04-2011
 3 | text 3  | 01-04-2011
 3 | text 3  | 01-04-2011
 3 | text 3  | 01-04-2011
 3 | text 3  | 01-04-2011
 3 | text 3  | 01-04-2011
 3 | text 8  | 01-04-2011
 3 | text 8  | 01-04-2011
 3 | text 8  | 01-04-2011
 3 | text 8  | 01-04-2011
 3 | text 8  | 01-04-2011
 3 | text 8  | 01-04-2011
 3 | text 8  | 01-04-2011
 3 | text 8  | 01-04-2011
(20 rows)

explain analyze select smallt.* from smallt, smallt2 where smallt.i = smallt2.i and smallt2.d = '2011-01-04'::date
and smallt.d = '2011-01-04'::date;
                                                               QUERY PLAN                                                                
-----------------------------------------------------------------------------------------------------------------------------------------
 Gather Motion 3:1  (slice1; segments: 3)  (cost=52.35..60.65 rows=3 width=15) (actual time=0.488..0.491 rows=20 loops=1)
   ->  Nested Loop  (cost=52.35..60.42 rows=1 width=15) (actual time=0.077..0.119 rows=20 loops=1)
         Join Filter: (smallt.i = smallt2.i)
         ->  Bitmap Heap Scan on smallt  (cost=20.18..24.20 rows=2 width=15) (actual time=0.037..0.041 rows=5 loops=1)
               Recheck Cond: (d = '01-04-2011'::date)
               ->  Bitmap Index Scan on smallt_d_idx  (cost=0.00..20.18 rows=2 width=0) (actual time=0.015..0.015 rows=1 loops=1)
                     Index Cond: (d = '01-04-2011'::date)
         ->  Materialize  (cost=32.17..36.19 rows=1 width=4) (actual time=0.006..0.010 rows=4 loops=5)
               ->  Bitmap Heap Scan on smallt2  (cost=32.17..36.19 rows=1 width=4) (actual time=0.027..0.033 rows=4 loops=1)
                     Recheck Cond: (d = '01-04-2011'::date)
                     ->  Bitmap Index Scan on smallt2_d_idx  (cost=0.00..32.17 rows=1 width=0) (actual time=0.008..0.008 rows=1 loops=1)
                           Index Cond: (d = '01-04-2011'::date)
 Planning Time: 0.159 ms
   (slice0)    Executor memory: 55K bytes.
   (slice1)    Executor memory: 398K bytes avg x 3 workers, 585K bytes max (seg0).  Work_mem: 17K bytes max.
 Memory used:  128000kB
 Optimizer: Postgres query optimizer
 Execution Time: 0.808 ms
(18 rows)

set enable_hashjoin=on;
set enable_nestloop=off;
set enable_seqscan=on;
set enable_indexscan=on;
-- SubPlan
with my_group_sum(d, total) as (select d, sum(i) from smallt group by d)
select smallt2.* from smallt2
where i < all (select total from my_group_sum, smallt, smallt2 as tmp where my_group_sum.d = smallt.d and smallt.d = tmp.d and my_group_sum.d = smallt2.d)
and i = 0 order by 1,2,3; --order 1,2,3
 i |   t    |     d      
---+--------+------------
 0 | text 0 | 01-06-2011
 0 | text 5 | 01-06-2011
 0 | text 5 | 01-06-2011
(3 rows)

select smallt2.* from smallt2
where i < all (select total from (select d, sum(i) as total from smallt group by d) as my_group_sum, smallt, smallt2 as tmp
    where my_group_sum.d = smallt.d and smallt.d = tmp.d and my_group_sum.d = smallt2.d)
and i = 0 order by 1,2,3; --order 1,2,3
 i |   t    |     d      
---+--------+------------
 0 | text 0 | 01-06-2011
 0 | text 5 | 01-06-2011
 0 | text 5 | 01-06-2011
(3 rows)

-- Nested Subplan
create table eager_free_r (r1 int, r2 int, r3 int);
NOTICE:  Table doesn't have 'DISTRIBUTED BY' clause -- Using column named 'r1' as the Greenplum Database data distribution key for this table.
HINT:  The 'DISTRIBUTED BY' clause determines the distribution of data. Make sure column(s) chosen are the optimal data distribution key to minimize skew.
create table eager_free_s (s1 int, s2 int, s3 int);
NOTICE:  Table doesn't have 'DISTRIBUTED BY' clause -- Using column named 's1' as the Greenplum Database data distribution key for this table.
HINT:  The 'DISTRIBUTED BY' clause determines the distribution of data. Make sure column(s) chosen are the optimal data distribution key to minimize skew.
create table eager_free_t (t1 int, t2 int, t3 int);
NOTICE:  Table doesn't have 'DISTRIBUTED BY' clause -- Using column named 't1' as the Greenplum Database data distribution key for this table.
HINT:  The 'DISTRIBUTED BY' clause determines the distribution of data. Make sure column(s) chosen are the optimal data distribution key to minimize skew.
insert into eager_free_r select 1 + g % 20, 1 + g % 5, 1 + g % 8 from generate_series(0, 39) g;
insert into eager_free_s select 1 + g % 20, 6 + g % 5, 1 + g % 4 from generate_series(0, 19) g;
insert into eager_free_t select 1 + g % 30, 1 + g % 6, 1 + g % 5 from generate_series(0, 29) g;
select * from eager_free_t where t1 > (select min(r1) from eager_free_r where r2<t2 and r3 > (Select min(s3) from eager_free_s where s1<r1));
 t1 | t2 | t3 
----+----+----
 12 |  6 |  2
 15 |  3 |  5
 20 |  2 |  5
 23 |  5 |  3
 26 |  2 |  1
 30 |  6 |  5
  3 |  3 |  3
  4 |  4 |  4
  8 |  2 |  3
 16 |  4 |  1
 18 |  6 |  3
 22 |  4 |  2
 24 |  6 |  4
 27 |  3 |  2
 29 |  5 |  4
  5 |  5 |  5
  6 |  6 |  1
  9 |  3 |  4
 10 |  4 |  5
 11 |  5 |  1
 14 |  2 |  4
 17 |  5 |  2
 21 |  3 |  1
 28 |  4 |  3
(24 rows)

reset optimizer_segments;
reset search_path;
drop schema eagerfree cascade;
NOTICE:  drop cascades to 6 other objects
DETAIL:  drop cascades to table eagerfree.smallt
drop cascades to table eagerfree.bigt
drop cascades to table eagerfree.smallt2
drop cascades to table eagerfree.eager_free_r
drop cascades to table eagerfree.eager_free_s
drop cascades to table eagerfree.eager_free_t
