-- start_matchsubs
-- m/\(actual time=\d+\.\d+..\d+\.\d+ rows=\d+ loops=\d+\)/
-- s/\(actual time=\d+\.\d+..\d+\.\d+ rows=\d+ loops=\d+\)/(actual time=##.###..##.### rows=# loops=#)/
-- m/\(slice\d+\)    Executor memory: (\d+)\w bytes\./
-- s/Executor memory: (\d+)\w bytes\./Executor memory: (#####)K bytes./
-- m/\(slice\d+\)    Executor memory: (\d+)\w bytes avg x \d+ workers, \d+\w bytes max \(seg\d+\)\./
-- s/Executor memory: (\d+)\w bytes avg x \d+ workers, \d+\w bytes max \(seg\d+\)\./Executor memory: ####K bytes avg x #### workers, ####K bytes max (seg#)./
-- m/Work_mem: \d+\w bytes max\./
-- s/Work_mem: \d+\w bytes max\. */Work_mem: ###K bytes max./
-- m/Execution Time: \d+\.\d+ ms/
-- s/Execution Time: \d+\.\d+ ms/Execution Time: ##.### ms/
-- m/Planning Time: \d+\.\d+ ms/
-- s/Planning Time: \d+\.\d+ ms/Planning Time: ##.### ms/
-- m/cost=\d+\.\d+\.\.\d+\.\d+ rows=\d+ width=\d+/
-- s/\(cost=\d+\.\d+\.\.\d+\.\d+ rows=\d+ width=\d+\)/(cost=##.###..##.### rows=### width=###)/
-- m/Memory used:  \d+\w?B/
-- s/Memory used:  \d+\w?B/Memory used: ###B/
-- m/Memory Usage: \d+\w?B/
-- s/Memory Usage: \d+\w?B/Memory Usage: ###B/
-- m/Peak Memory Usage: \d+/
-- s/Peak Memory Usage: \d+/Peak Memory Usage: ###/
-- m/Buckets: \d+/
-- s/Buckets: \d+/Buckets: ###/
-- m/Batches: \d+/
-- s/Batches: \d+/Batches: ###/
-- end_matchsubs
--
-- DEFAULT syntax
CREATE TABLE apples(id int PRIMARY KEY, type text);
INSERT INTO apples(id) SELECT generate_series(1, 100000);
CREATE TABLE box_locations(id int PRIMARY KEY, address text);
CREATE TABLE boxes(id int PRIMARY KEY, apple_id int REFERENCES apples(id), location_id int REFERENCES box_locations(id));
WARNING:  referential integrity (FOREIGN KEY) constraints are not supported in Greenplum Database, will not be enforced
WARNING:  referential integrity (FOREIGN KEY) constraints are not supported in Greenplum Database, will not be enforced
--- Check Explain Text format output
-- explain_processing_off
EXPLAIN SELECT * from boxes LEFT JOIN apples ON apples.id = boxes.apple_id LEFT JOIN box_locations ON box_locations.id = boxes.location_id;
                                                   QUERY PLAN                                                   
----------------------------------------------------------------------------------------------------------------
 Gather Motion 3:1  (slice1; segments: 3)  (cost=1024.25..1803.53 rows=19400 width=84)
   ->  Hash Left Join  (cost=1024.25..1544.87 rows=6467 width=84)
         Hash Cond: (boxes.location_id = box_locations.id)
         ->  Redistribute Motion 3:3  (slice2; segments: 3)  (cost=898.00..1336.98 rows=6467 width=48)
               Hash Key: boxes.location_id
               ->  Hash Left Join  (cost=898.00..1207.64 rows=6467 width=48)
                     Hash Cond: (boxes.apple_id = apples.id)
                     ->  Redistribute Motion 3:3  (slice3; segments: 3)  (cost=0.00..228.00 rows=6467 width=12)
                           Hash Key: boxes.apple_id
                           ->  Seq Scan on boxes  (cost=0.00..98.67 rows=6467 width=12)
                     ->  Hash  (cost=481.33..481.33 rows=33333 width=36)
                           ->  Seq Scan on apples  (cost=0.00..481.33 rows=33333 width=36)
         ->  Hash  (cost=75.00..75.00 rows=4100 width=36)
               ->  Seq Scan on box_locations  (cost=0.00..75.00 rows=4100 width=36)
 Optimizer: Postgres query optimizer
(15 rows)

-- explain_processing_on
--- Check Explain Analyze Text output that include the slices information
-- explain_processing_off
EXPLAIN (ANALYZE) SELECT * from boxes LEFT JOIN apples ON apples.id = boxes.apple_id LEFT JOIN box_locations ON box_locations.id = boxes.location_id;
                                                                        QUERY PLAN                                                                        
----------------------------------------------------------------------------------------------------------------------------------------------------------
 Gather Motion 3:1  (slice1; segments: 3)  (cost=1024.25..1803.53 rows=19400 width=84) (actual time=28.161..28.161 rows=0 loops=1)
   ->  Hash Left Join  (cost=1024.25..1544.87 rows=6467 width=84) (actual time=27.707..27.710 rows=0 loops=1)
         Hash Cond: (boxes.location_id = box_locations.id)
         ->  Redistribute Motion 3:3  (slice2; segments: 3)  (cost=898.00..1336.98 rows=6467 width=48) (actual time=26.884..26.884 rows=0 loops=1)
               Hash Key: boxes.location_id
               ->  Hash Left Join  (cost=898.00..1207.64 rows=6467 width=48) (actual time=25.787..25.788 rows=0 loops=1)
                     Hash Cond: (boxes.apple_id = apples.id)
                     ->  Redistribute Motion 3:3  (slice3; segments: 3)  (cost=0.00..228.00 rows=6467 width=12) (actual time=0.012..0.013 rows=0 loops=1)
                           Hash Key: boxes.apple_id
                           ->  Seq Scan on boxes  (cost=0.00..98.67 rows=6467 width=12) (actual time=0.010..0.010 rows=0 loops=1)
                     ->  Hash  (cost=481.33..481.33 rows=33333 width=36) (actual time=24.411..24.411 rows=33462 loops=1)
                           Buckets: 131072  Batches: 1  Memory Usage: 2201kB
                           ->  Seq Scan on apples  (cost=0.00..481.33 rows=33333 width=36) (actual time=0.044..8.165 rows=33462 loops=1)
         ->  Hash  (cost=75.00..75.00 rows=4100 width=36) (actual time=0.011..0.011 rows=0 loops=1)
               Buckets: 131072  Batches: 1  Memory Usage: 1024kB
               ->  Seq Scan on box_locations  (cost=0.00..75.00 rows=4100 width=36) (actual time=0.010..0.010 rows=0 loops=1)
 Planning Time: 0.324 ms
   (slice0)    Executor memory: 59K bytes.
   (slice1)    Executor memory: 1045K bytes avg x 3 workers, 1045K bytes max (seg0).  Work_mem: 1024K bytes max.
   (slice2)    Executor memory: 2359K bytes avg x 3 workers, 2359K bytes max (seg0).  Work_mem: 2201K bytes max.
   (slice3)    Executor memory: 17K bytes avg x 3 workers, 17K bytes max (seg0).
 Memory used:  128000kB
 Optimizer: Postgres query optimizer
 Execution Time: 46.337 ms
(24 rows)

-- explain_processing_on
-- Unaligned output format is better for the YAML / XML / JSON outputs.
-- In aligned format, you have end-of-line markers at the end of each line,
-- and its position depends on the longest line. If the width changes, all
-- lines need to be adjusted for the moved end-of-line-marker.
\a
-- YAML Required replaces for costs and time changes
-- start_matchsubs
-- m/ Loops: \d+/
-- s/ Loops: \d+/ Loops: #/
-- m/ Cost: \d+\.\d+/
-- s/ Cost: \d+\.\d+/ Cost: ###.##/
-- m/ Rows: \d+/
-- s/ Rows: \d+/ Rows: #####/
-- m/ Plan Width: \d+/
-- s/ Plan Width: \d+/ Plan Width: ##/
-- m/ Time: \d+\.\d+/
-- s/ Time: \d+\.\d+/ Time: ##.###/
-- m/Execution Time: \d+\.\d+/
-- s/Execution Time: \d+\.\d+/Execution Time: ##.###/
-- m/Segments: \d+/
-- s/Segments: \d+/Segments: #/
-- m/Pivotal Optimizer \(GPORCA\) version \d+\.\d+\.\d+",?/
-- s/Pivotal Optimizer \(GPORCA\) version \d+\.\d+\.\d+",?/Pivotal Optimizer \(GPORCA\)"/
-- m/ Memory: \d+/
-- s/ Memory: \d+/ Memory: ###/
-- m/Maximum Memory Used: \d+/
-- s/Maximum Memory Used: \d+/Maximum Memory Used: ###/
-- m/Workers: \d+/
-- s/Workers: \d+/Workers: ##/
-- m/Average: \d+/
-- s/Average: \d+/Average: ##/
-- m/Total memory used across slices: \d+/
-- s/Total memory used across slices: \d+\s*/Total memory used across slices: ###/
-- m/Memory used: \d+/
-- s/Memory used: \d+/Memory used: ###/
-- end_matchsubs
-- Check Explain YAML output
EXPLAIN (FORMAT YAML) SELECT * from boxes LEFT JOIN apples ON apples.id = boxes.apple_id LEFT JOIN box_locations ON box_locations.id = boxes.location_id;
QUERY PLAN
- Plan: 
    Node Type: "Gather Motion"
    Senders: 3
    Receivers: 1
    Slice: 1
    Segments: 3
    Gang Type: "primary reader"
    Parallel Aware: false
    Startup Cost: 1024.25
    Total Cost: 1803.53
    Plan Rows: 19400
    Plan Width: 84
    Plans: 
      - Node Type: "Hash Join"
        Parent Relationship: "Outer"
        Slice: 1
        Segments: 3
        Gang Type: "primary reader"
        Parallel Aware: false
        Join Type: "Left"
        Startup Cost: 1024.25
        Total Cost: 1544.87
        Plan Rows: 6467
        Plan Width: 84
        Inner Unique: true
        Hash Cond: "(boxes.location_id = box_locations.id)"
        Plans: 
          - Node Type: "Redistribute Motion"
            Senders: 3
            Receivers: 3
            Parent Relationship: "Outer"
            Slice: 2
            Segments: 3
            Gang Type: "primary reader"
            Parallel Aware: false
            Startup Cost: 898.00
            Total Cost: 1336.98
            Plan Rows: 6467
            Plan Width: 48
            Hash Key: "boxes.location_id"
            Plans: 
              - Node Type: "Hash Join"
                Parent Relationship: "Outer"
                Slice: 2
                Segments: 3
                Gang Type: "primary reader"
                Parallel Aware: false
                Join Type: "Left"
                Startup Cost: 898.00
                Total Cost: 1207.64
                Plan Rows: 6467
                Plan Width: 48
                Inner Unique: true
                Hash Cond: "(boxes.apple_id = apples.id)"
                Plans: 
                  - Node Type: "Redistribute Motion"
                    Senders: 3
                    Receivers: 3
                    Parent Relationship: "Outer"
                    Slice: 3
                    Segments: 3
                    Gang Type: "primary reader"
                    Parallel Aware: false
                    Startup Cost: 0.00
                    Total Cost: 228.00
                    Plan Rows: 6467
                    Plan Width: 12
                    Hash Key: "boxes.apple_id"
                    Plans: 
                      - Node Type: "Seq Scan"
                        Parent Relationship: "Outer"
                        Slice: 3
                        Segments: 3
                        Gang Type: "primary reader"
                        Parallel Aware: false
                        Relation Name: "boxes"
                        Alias: "boxes"
                        Startup Cost: 0.00
                        Total Cost: 98.67
                        Plan Rows: 6467
                        Plan Width: 12
                  - Node Type: "Hash"
                    Parent Relationship: "Inner"
                    Slice: 2
                    Segments: 3
                    Gang Type: "primary reader"
                    Parallel Aware: false
                    Startup Cost: 481.33
                    Total Cost: 481.33
                    Plan Rows: 33333
                    Plan Width: 36
                    Plans: 
                      - Node Type: "Seq Scan"
                        Parent Relationship: "Outer"
                        Slice: 2
                        Segments: 3
                        Gang Type: "primary reader"
                        Parallel Aware: false
                        Relation Name: "apples"
                        Alias: "apples"
                        Startup Cost: 0.00
                        Total Cost: 481.33
                        Plan Rows: 33333
                        Plan Width: 36
          - Node Type: "Hash"
            Parent Relationship: "Inner"
            Slice: 1
            Segments: 3
            Gang Type: "primary reader"
            Parallel Aware: false
            Startup Cost: 75.00
            Total Cost: 75.00
            Plan Rows: 4100
            Plan Width: 36
            Plans: 
              - Node Type: "Seq Scan"
                Parent Relationship: "Outer"
                Slice: 1
                Segments: 3
                Gang Type: "primary reader"
                Parallel Aware: false
                Relation Name: "box_locations"
                Alias: "box_locations"
                Startup Cost: 0.00
                Total Cost: 75.00
                Plan Rows: 4100
                Plan Width: 36
  Settings: 
    Optimizer: "Postgres query optimizer"
(1 row)
--- Check Explain Analyze YAML output that include the slices information
-- explain_processing_off
EXPLAIN (ANALYZE, FORMAT YAML) SELECT * from boxes LEFT JOIN apples ON apples.id = boxes.apple_id LEFT JOIN box_locations ON box_locations.id = boxes.location_id;
QUERY PLAN
- Plan: 
    Node Type: "Gather Motion"
    Senders: 3
    Receivers: 1
    Slice: 1
    Segments: 3
    Gang Type: "primary reader"
    Parallel Aware: false
    Startup Cost: 1024.25
    Total Cost: 1803.53
    Plan Rows: 19400
    Plan Width: 84
    Actual Startup Time: 24.055
    Actual Total Time: 24.055
    Actual Rows: 0
    Actual Loops: 1
    Plans: 
      - Node Type: "Hash Join"
        Parent Relationship: "Outer"
        Slice: 1
        Segments: 3
        Gang Type: "primary reader"
        Parallel Aware: false
        Join Type: "Left"
        Startup Cost: 1024.25
        Total Cost: 1544.87
        Plan Rows: 6467
        Plan Width: 84
        Actual Startup Time: 23.453
        Actual Total Time: 23.454
        Actual Rows: 0
        Actual Loops: 1
        Inner Unique: true
        Hash Cond: "(boxes.location_id = box_locations.id)"
        Plans: 
          - Node Type: "Redistribute Motion"
            Senders: 3
            Receivers: 3
            Parent Relationship: "Outer"
            Slice: 2
            Segments: 3
            Gang Type: "primary reader"
            Parallel Aware: false
            Startup Cost: 898.00
            Total Cost: 1336.98
            Plan Rows: 6467
            Plan Width: 48
            Actual Startup Time: 22.835
            Actual Total Time: 22.835
            Actual Rows: 0
            Actual Loops: 1
            Hash Key: "boxes.location_id"
            Plans: 
              - Node Type: "Hash Join"
                Parent Relationship: "Outer"
                Slice: 2
                Segments: 3
                Gang Type: "primary reader"
                Parallel Aware: false
                Join Type: "Left"
                Startup Cost: 898.00
                Total Cost: 1207.64
                Plan Rows: 6467
                Plan Width: 48
                Actual Startup Time: 22.139
                Actual Total Time: 22.140
                Actual Rows: 0
                Actual Loops: 1
                Inner Unique: true
                Hash Cond: "(boxes.apple_id = apples.id)"
                Plans: 
                  - Node Type: "Redistribute Motion"
                    Senders: 3
                    Receivers: 3
                    Parent Relationship: "Outer"
                    Slice: 3
                    Segments: 3
                    Gang Type: "primary reader"
                    Parallel Aware: false
                    Startup Cost: 0.00
                    Total Cost: 228.00
                    Plan Rows: 6467
                    Plan Width: 12
                    Actual Startup Time: 0.005
                    Actual Total Time: 0.005
                    Actual Rows: 0
                    Actual Loops: 1
                    Hash Key: "boxes.apple_id"
                    Plans: 
                      - Node Type: "Seq Scan"
                        Parent Relationship: "Outer"
                        Slice: 3
                        Segments: 3
                        Gang Type: "primary reader"
                        Parallel Aware: false
                        Relation Name: "boxes"
                        Alias: "boxes"
                        Startup Cost: 0.00
                        Total Cost: 98.67
                        Plan Rows: 6467
                        Plan Width: 12
                        Actual Startup Time: 0.008
                        Actual Total Time: 0.008
                        Actual Rows: 0
                        Actual Loops: 1
                  - Node Type: "Hash"
                    Parent Relationship: "Inner"
                    Slice: 2
                    Segments: 3
                    Gang Type: "primary reader"
                    Parallel Aware: false
                    Startup Cost: 481.33
                    Total Cost: 481.33
                    Plan Rows: 33333
                    Plan Width: 36
                    Actual Startup Time: 20.516
                    Actual Total Time: 20.516
                    Actual Rows: 33462
                    Actual Loops: 1
                    Hash Buckets: 131072
                    Original Hash Buckets: 131072
                    Hash Batches: 1
                    Original Hash Batches: 1
                    Peak Memory Usage: 2201
                    Plans: 
                      - Node Type: "Seq Scan"
                        Parent Relationship: "Outer"
                        Slice: 2
                        Segments: 3
                        Gang Type: "primary reader"
                        Parallel Aware: false
                        Relation Name: "apples"
                        Alias: "apples"
                        Startup Cost: 0.00
                        Total Cost: 481.33
                        Plan Rows: 33333
                        Plan Width: 36
                        Actual Startup Time: 0.031
                        Actual Total Time: 6.373
                        Actual Rows: 33462
                        Actual Loops: 1
          - Node Type: "Hash"
            Parent Relationship: "Inner"
            Slice: 1
            Segments: 3
            Gang Type: "primary reader"
            Parallel Aware: false
            Startup Cost: 75.00
            Total Cost: 75.00
            Plan Rows: 4100
            Plan Width: 36
            Actual Startup Time: 0.006
            Actual Total Time: 0.007
            Actual Rows: 0
            Actual Loops: 1
            Hash Buckets: 131072
            Original Hash Buckets: 131072
            Hash Batches: 1
            Original Hash Batches: 1
            Peak Memory Usage: 1024
            Plans: 
              - Node Type: "Seq Scan"
                Parent Relationship: "Outer"
                Slice: 1
                Segments: 3
                Gang Type: "primary reader"
                Parallel Aware: false
                Relation Name: "box_locations"
                Alias: "box_locations"
                Startup Cost: 0.00
                Total Cost: 75.00
                Plan Rows: 4100
                Plan Width: 36
                Actual Startup Time: 0.006
                Actual Total Time: 0.006
                Actual Rows: 0
                Actual Loops: 1
  Planning Time: 0.651
  Triggers: 
  Slice statistics: 
    - Slice: 0
      Executor Memory: 59824
    - Slice: 1
      Executor Memory: 
        Average: 1069968
        Workers: 3
        Maximum Memory Used: 1069968
      Work Maximum Memory: 1048576
    - Slice: 2
      Executor Memory: 
        Average: 2414624
        Workers: 3
        Maximum Memory Used: 2414624
      Work Maximum Memory: 2253208
    - Slice: 3
      Executor Memory: 
        Average: 17144
        Workers: 3
        Maximum Memory Used: 17144
  Statement statistics: 
    Memory used: 128000
  Settings: 
    Optimizer: "Postgres query optimizer"
  Execution Time: 24.898
(1 row)
-- explain_processing_on
--
-- Test a simple case with JSON and XML output, too.
--
-- This should be enough for those format. The only difference between JSON,
-- XML, and YAML is in the formatting, after all.
-- Check JSON format
--
-- start_matchsubs
-- m/Pivotal Optimizer \(GPORCA\) version \d+\.\d+\.\d+/
-- s/Pivotal Optimizer \(GPORCA\) version \d+\.\d+\.\d+/Pivotal Optimizer \(GPORCA\)/
-- end_matchsubs
-- explain_processing_off
EXPLAIN (FORMAT JSON, COSTS OFF) SELECT * FROM generate_series(1, 10);
QUERY PLAN
[
  {
    "Plan": {
      "Node Type": "Function Scan",
      "Slice": 0,
      "Segments": 0,
      "Gang Type": "unallocated",
      "Parallel Aware": false,
      "Function Name": "generate_series",
      "Alias": "generate_series"
    },
    "Settings": {
      "Optimizer": "Postgres query optimizer"
    }
  }
]
(1 row)
EXPLAIN (FORMAT XML, COSTS OFF) SELECT * FROM generate_series(1, 10);
QUERY PLAN
<explain xmlns="http://www.postgresql.org/2009/explain">
  <Query>
    <Plan>
      <Node-Type>Function Scan</Node-Type>
      <Slice>0</Slice>
      <Segments>0</Segments>
      <Gang-Type>unallocated</Gang-Type>
      <Parallel-Aware>false</Parallel-Aware>
      <Function-Name>generate_series</Function-Name>
      <Alias>generate_series</Alias>
    </Plan>
    <Settings>
      <Optimizer>Postgres query optimizer</Optimizer>
    </Settings>
  </Query>
</explain>
(1 row)
-- Test for an old bug in printing Sequence nodes in JSON/XML format
-- (https://github.com/greenplum-db/gpdb/issues/9410)
CREATE TABLE jsonexplaintest (i int4) PARTITION BY RANGE (i) (START(1) END(3) EVERY(1));
NOTICE:  Table doesn't have 'DISTRIBUTED BY' clause -- Using column named 'i' as the Greenplum Database data distribution key for this table.
HINT:  The 'DISTRIBUTED BY' clause determines the distribution of data. Make sure column(s) chosen are the optimal data distribution key to minimize skew.
EXPLAIN (FORMAT JSON, COSTS OFF) SELECT * FROM jsonexplaintest WHERE i = 2;
QUERY PLAN
[
  {
    "Plan": {
      "Node Type": "Gather Motion",
      "Senders": 2,
      "Receivers": 1,
      "Slice": 1,
      "Segments": 2,
      "Gang Type": "primary reader",
      "Parallel Aware": false,
      "Plans": [
        {
          "Node Type": "Seq Scan",
          "Parent Relationship": "Outer",
          "Slice": 1,
          "Segments": 2,
          "Gang Type": "primary reader",
          "Parallel Aware": true,
          "Relation Name": "jsonexplaintest_1_prt_2",
          "Alias": "jsonexplaintest_1_prt_2",
          "Filter": "(i = 2)"
        }
      ]
    },
    "Settings": {
      "Optimizer": "Postgres query optimizer"
    }
  }
]
(1 row)
-- explain_processing_on
--
-- Test (never executed)
--
EXPLAIN (ANALYZE) SELECT * FROM APPLES WHERE ID < 0;
QUERY PLAN
Gather Motion 3:1  (slice1; segments: 3)  (cost=4.24..18.45 rows=10 width=36) (actual time=0.659..0.659 rows=0 loops=1)
  ->  Bitmap Heap Scan on apples  (cost=4.24..18.31 rows=3 width=36) (actual time=0.019..0.020 rows=0 loops=1)
        Recheck Cond: (id < 0)
        ->  Bitmap Index Scan on apples_pkey  (cost=0.00..4.24 rows=3 width=0) (actual time=0.012..0.012 rows=1 loops=1)
              Index Cond: (id < 0)
Planning Time: 0.142 ms
  (slice0)    Executor memory: 28K bytes.
  (slice1)    Executor memory: 282K bytes avg x 3 workers, 282K bytes max (seg0).
Memory used:  128000kB
Optimizer: Postgres query optimizer
Execution Time: 0.997 ms
(11 rows)
EXPLAIN (ANALYZE) SELECT * FROM APPLES T1, APPLES T2 WHERE T1.ID < 0 AND T1.ID=T2.ID;
QUERY PLAN
Gather Motion 3:1  (slice1; segments: 3)  (cost=22.60..36.73 rows=3 width=72) (actual time=0.354..0.354 rows=0 loops=1)
  ->  Hash Join  (cost=22.60..36.69 rows=1 width=72) (actual time=0.010..0.010 rows=0 loops=1)
        Hash Cond: (t1.id = t2.id)
        ->  Bitmap Heap Scan on apples t1  (cost=4.24..18.31 rows=3 width=36) (actual time=0.009..0.009 rows=0 loops=1)
              Recheck Cond: (id < 0)
              ->  Bitmap Index Scan on apples_pkey  (cost=0.00..4.24 rows=3 width=0) (actual time=0.006..0.007 rows=1 loops=1)
                    Index Cond: (id < 0)
        ->  Hash  (cost=18.31..18.31 rows=3 width=36) (never executed)
              ->  Bitmap Heap Scan on apples t2  (cost=4.24..18.31 rows=3 width=36) (never executed)
                    Recheck Cond: (id < 0)
                    ->  Bitmap Index Scan on apples_pkey  (cost=0.00..4.24 rows=3 width=0) (never executed)
                          Index Cond: (id < 0)
Planning Time: 0.407 ms
  (slice0)    Executor memory: 58K bytes.
  (slice1)    Executor memory: 307K bytes avg x 3 workers, 307K bytes max (seg0).
Memory used:  128000kB
Optimizer: Postgres query optimizer
Execution Time: 0.758 ms
(18 rows)
-- Cleanup
DROP TABLE boxes;
DROP TABLE apples;
DROP TABLE box_locations;
DROP TABLE jsonexplaintest;
